<?xml version="1.0" encoding="UTF-8"?>
<testsuite xmlns:xsi="http://www.w3.org/2001/XMLSchema-instance" xsi:noNamespaceSchemaLocation="https://maven.apache.org/surefire/maven-surefire-plugin/xsd/surefire-test-report-3.0.xsd" version="3.0" name="com.voisetu.e2e.runner.AuthApiTestRunner" time="5.925" tests="2" errors="0" skipped="0" failures="0">
  <properties>
[...]
</properties>
  <testcase name="runScenario[&quot;API register endpoint returns 200 with JWT on valid request&quot;, &quot;Auth REST API Contracts&quot;](1)" classname="com.voisetu.e2e.runner.AuthApiTestRunner" time="3.22">
    <system-out><![CDATA[
@smoke @api @register
Scenario: API register endpoint returns 200 with JWT on valid request    &amp#27;[90m# src/test/resources/features/auth_api.feature:22&amp#27;[0m
19:29:10.883 [main] INFO  com.voisetu.e2e.steps.Hooks — === STARTING API SCENARIO: API register endpoint returns 200 with JWT on valid request ===
19:29:10.893 [main] INFO  com.voisetu.e2e.steps.AuthApiSteps — API base URL: http://localhost:8080
  &amp#27;[32mGiven &amp#27;[0m&amp#27;[32mthe backend API is available at the configured base URL&amp#27;[0m          &amp#27;[90m# com.voisetu.e2e.steps.AuthApiSteps.theBackendApiIsAvailable()&amp#27;[0m
19:29:12.696 [main] INFO  com.voisetu.e2e.steps.AuthApiSteps — POST /api/auth/register body: {
  "displayName": "API Test User",
  "email":       "api_register_ok@test.com",
  "password":    "ApiTest@99"
}
19:29:13.153 [main] INFO  com.voisetu.e2e.steps.AuthApiSteps — Response: 200 — {"token":"eyJhbGciOiJIUzI1NiJ9.eyJzdWIiOiJhcGlfcmVnaXN0ZXJfb2tAdGVzdC5jb20iLCJpYXQiOjE3ODgwOTgzNTMsImV4cCI6MTc4ODE4NDc1M30.XfZQrxS2VGfGA7ZwCm6CYziWaw_XOj-tngDiBkAA8iE","userId":9,"displayName":"API Test User","isAdmin":false}
  &amp#27;[32mWhen &amp#27;[0m&amp#27;[32ma POST request is made to &amp#27;[0m&amp#27;[32m&amp#27;[1m"/api/auth/register"&amp#27;[0m&amp#27;[32m with body:&amp#27;[0m         &amp#27;[90m# com.voisetu.e2e.steps.AuthApiSteps.aPostRequestIsMadeTo(java.lang.String,java.lang.String)&amp#27;[0m
  &amp#27;[32mThen &amp#27;[0m&amp#27;[32mthe response status code should be &amp#27;[0m&amp#27;[32m&amp#27;[1m200&amp#27;[0m                            &amp#27;[90m# com.voisetu.e2e.steps.AuthApiSteps.theResponseStatusCodeShouldBe(int)&amp#27;[0m
  &amp#27;[32mAnd &amp#27;[0m&amp#27;[32mthe response body should contain a non-empty &amp#27;[0m&amp#27;[32m&amp#27;[1m"token"&amp#27;[0m               &amp#27;[90m# com.voisetu.e2e.steps.AuthApiSteps.theResponseBodyShouldContainNonEmpty(java.lang.String)&amp#27;[0m
  &amp#27;[32mAnd &amp#27;[0m&amp#27;[32mthe response body field &amp#27;[0m&amp#27;[32m&amp#27;[1m"displayName"&amp#27;[0m&amp#27;[32m should equal &amp#27;[0m&amp#27;[32m&amp#27;[1m"API Test User"&amp#27;[0m &amp#27;[90m# com.voisetu.e2e.steps.AuthApiSteps.theResponseBodyFieldShouldEqual(java.lang.String,java.lang.String)&amp#27;[0m
  &amp#27;[32mAnd &amp#27;[0m&amp#27;[32mthe response body field &amp#27;[0m&amp#27;[32m&amp#27;[1m"isAdmin"&amp#27;[0m&amp#27;[32m should equal &amp#27;[0m&amp#27;[32m&amp#27;[1m"false"&amp#27;[0m             &amp#27;[90m# com.voisetu.e2e.steps.AuthApiSteps.theResponseBodyFieldShouldEqual(java.lang.String,java.lang.String)&amp#27;[0m
  &amp#27;[32mAnd &amp#27;[0m&amp#27;[32mthe response body field &amp#27;[0m&amp#27;[32m&amp#27;[1m"userId"&amp#27;[0m&amp#27;[32m should be a positive number&amp#27;[0m       &amp#27;[90m# com.voisetu.e2e.steps.AuthApiSteps.theResponseBodyFieldShouldBePositiveNumber(java.lang.String)&amp#27;[0m
19:29:13.895 [main] INFO  com.voisetu.e2e.steps.Hooks — === FINISHED API SCENARIO: API register endpoint returns 200 with JWT on valid request — PASSED ===
]]></system-out>
  </testcase>
  <testcase name="runScenario[&quot;API login endpoint returns 200 with JWT on valid credentials&quot;, &quot;Auth REST API Contracts&quot;](2)" classname="com.voisetu.e2e.runner.AuthApiTestRunner" time="0.811">
    <system-out><![CDATA[
@smoke @api @login
Scenario: API login endpoint returns 200 with JWT on valid credentials &amp#27;[90m# src/test/resources/features/auth_api.feature:82&amp#27;[0m
19:29:13.919 [main] INFO  com.voisetu.e2e.steps.Hooks — === STARTING API SCENARIO: API login endpoint returns 200 with JWT on valid credentials ===
19:29:13.921 [main] INFO  com.voisetu.e2e.steps.AuthApiSteps — API base URL: http://localhost:8080
  &amp#27;[32mGiven &amp#27;[0m&amp#27;[32mthe backend API is available at the configured base URL&amp#27;[0m        &amp#27;[90m# com.voisetu.e2e.steps.AuthApiSteps.theBackendApiIsAvailable()&amp#27;[0m
19:29:14.438 [main] INFO  com.voisetu.e2e.utils.ApiHelper — User seeded successfully: api_login_ok@test.com
  &amp#27;[32mGiven &amp#27;[0m&amp#27;[32mthe user &amp#27;[0m&amp#27;[32m&amp#27;[1m"api_login_ok@test.com"&amp#27;[0m&amp#27;[32m is already registered via API&amp#27;[0m &amp#27;[90m# com.voisetu.e2e.steps.AuthApiSteps.theUserIsAlreadyRegisteredViaApi(java.lang.String)&amp#27;[0m
19:29:14.451 [main] INFO  com.voisetu.e2e.steps.AuthApiSteps — POST /api/auth/login body: {
  "email":    "api_login_ok@test.com",
  "password": "ApiTest@99"
}
19:29:14.658 [main] INFO  com.voisetu.e2e.steps.AuthApiSteps — Response: 200 — {"token":"eyJhbGciOiJIUzI1NiJ9.eyJzdWIiOiJhcGlfbG9naW5fb2tAdGVzdC5jb20iLCJpYXQiOjE3ODgwOTgzNTQsImV4cCI6MTc4ODE4NDc1NH0.9fEKPMpavXkXEY0nLxff4nWD46MmvmborHCtTiqhpxU","userId":10,"displayName":"api login ok","isAdmin":false}
  &amp#27;[32mWhen &amp#27;[0m&amp#27;[32ma POST request is made to &amp#27;[0m&amp#27;[32m&amp#27;[1m"/api/auth/login"&amp#27;[0m&amp#27;[32m with body:&amp#27;[0m          &amp#27;[90m# com.voisetu.e2e.steps.AuthApiSteps.aPostRequestIsMadeTo(java.lang.String,java.lang.String)&amp#27;[0m
  &amp#27;[32mThen &amp#27;[0m&amp#27;[32mthe response status code should be &amp#27;[0m&amp#27;[32m&amp#27;[1m200&amp#27;[0m                          &amp#27;[90m# com.voisetu.e2e.steps.AuthApiSteps.theResponseStatusCodeShouldBe(int)&amp#27;[0m
  &amp#27;[32mAnd &amp#27;[0m&amp#27;[32mthe response body should contain a non-empty &amp#27;[0m&amp#27;[32m&amp#27;[1m"token"&amp#27;[0m             &amp#27;[90m# com.voisetu.e2e.steps.AuthApiSteps.theResponseBodyShouldContainNonEmpty(java.lang.String)&amp#27;[0m
  &amp#27;[32mAnd &amp#27;[0m&amp#27;[32mthe JWT token should be a valid 3-part base64 structure&amp#27;[0m          &amp#27;[90m# com.voisetu.e2e.steps.AuthApiSteps.theJwtTokenShouldBeValidStructure()&amp#27;[0m
19:29:14.715 [main] INFO  com.voisetu.e2e.steps.Hooks — === FINISHED API SCENARIO: API login endpoint returns 200 with JWT on valid credentials — PASSED ===
]]></system-out>
  </testcase>
</testsuite>