<?xml version="1.0" encoding="UTF-8"?>
<testsuite xmlns:xsi="http://www.w3.org/2001/XMLSchema-instance" xsi:noNamespaceSchemaLocation="https://maven.apache.org/surefire/maven-surefire-plugin/xsd/surefire-test-report-3.0.xsd" version="3.0" name="TestSuite" time="162.424" tests="44" errors="0" skipped="0" failures="22">
  <properties>
[...]
</properties>
  <testcase name="runScenario[&quot;Successful login with valid credentials&quot;, &quot;User Login&quot;](1)" classname="com.voisetu.e2e.runner.AuthUITestRunner" time="56.227">
    <system-out><![CDATA[...
... TestNG 7.10.2 by Cédric Beust (cedric@beust.com)
...


@smoke @login @ui
Scenario: Successful login with valid credentials                                           &amp#27;[90m# src/test/resources/features/login.feature:27&amp#27;[0m
19:29:56.393 [main] INFO  com.voisetu.e2e.steps.Hooks — === STARTING UI SCENARIO: Successful login with valid credentials ===
19:29:56.398 [main] INFO  c.voisetu.e2e.config.DriverFactory — Creating WebDriver: browser=chrome, headless=true
  &amp#27;[32mGiven &amp#27;[0m&amp#27;[32mthe browser is open and the application is running&amp#27;[0m                                  &amp#27;[90m# com.voisetu.e2e.steps.RegisterSteps.theBrowserIsOpenAndRunning()&amp#27;[0m
19:30:49.665 [main] INFO  com.voisetu.e2e.utils.ApiHelper — User seeded successfully: login_test@example.com
  &amp#27;[32mAnd &amp#27;[0m&amp#27;[32ma registered user exists with email &amp#27;[0m&amp#27;[32m&amp#27;[1m"login_test@example.com"&amp#27;[0m&amp#27;[32m and password &amp#27;[0m&amp#27;[32m&amp#27;[1m"Test@1234"&amp#27;[0m &amp#27;[90m# com.voisetu.e2e.steps.LoginSteps.aRegisteredUserExists(java.lang.String,java.lang.String)&amp#27;[0m
  &amp#27;[32mAnd &amp#27;[0m&amp#27;[32mthe user navigates to the login page&amp#27;[0m                                                  &amp#27;[90m# com.voisetu.e2e.steps.LoginSteps.theUserNavigatesToLoginPage()&amp#27;[0m
  &amp#27;[32mWhen &amp#27;[0m&amp#27;[32mthe user enters login email &amp#27;[0m&amp#27;[32m&amp#27;[1m"login_test@example.com"&amp#27;[0m                                 &amp#27;[90m# com.voisetu.e2e.steps.LoginSteps.theUserEntersLoginEmail(java.lang.String)&amp#27;[0m
  &amp#27;[32mAnd &amp#27;[0m&amp#27;[32mthe user enters login password &amp#27;[0m&amp#27;[32m&amp#27;[1m"Test@1234"&amp#27;[0m                                            &amp#27;[90m# com.voisetu.e2e.steps.LoginSteps.theUserEntersLoginPassword(java.lang.String)&amp#27;[0m
  &amp#27;[32mAnd &amp#27;[0m&amp#27;[32mthe user clicks the login button&amp#27;[0m                                                      &amp#27;[90m# com.voisetu.e2e.steps.LoginSteps.theUserClicksLoginButton()&amp#27;[0m
  &amp#27;[32mThen &amp#27;[0m&amp#27;[32mthe user should be redirected to the studio page&amp#27;[0m                                     &amp#27;[90m# com.voisetu.e2e.steps.RegisterSteps.theUserShouldBeRedirectedToStudio()&amp#27;[0m
  &amp#27;[32mAnd &amp#27;[0m&amp#27;[32ma valid JWT token should be stored in localStorage&amp#27;[0m                                    &amp#27;[90m# com.voisetu.e2e.steps.RegisterSteps.aValidJwtShouldBeInLocalStorage()&amp#27;[0m
19:30:52.392 [main] INFO  com.voisetu.e2e.steps.Hooks — === FINISHED UI SCENARIO: Successful login with valid credentials — PASSED ===
]]></system-out>
    <system-err><![CDATA[Aug 30, 2026 7:30:47 PM org.openqa.selenium.devtools.CdpVersionFinder findNearestMatch
WARNING: Unable to find CDP implementation matching 152
Aug 30, 2026 7:30:47 PM org.openqa.selenium.chromium.ChromiumDriver lambda$new$5
WARNING: Unable to find version of CDP to use for 152.0.7977.64. You may need to include a dependency on a specific version of the CDP using something similar to `org.seleniumhq.selenium:selenium-devtools-v86:4.21.0` where the version ("v86") matches the version of the chromium-based browser you're using and the version number of the artifact is the same as Selenium's.
]]></system-err>
  </testcase>
  <testcase name="runScenario[&quot;Successful login and session persists on refresh&quot;, &quot;User Login&quot;](2)" classname="com.voisetu.e2e.runner.AuthUITestRunner" time="3.289">
    <system-out><![CDATA[
@login @ui
Scenario: Successful login and session persists on refresh                                  &amp#27;[90m# src/test/resources/features/login.feature:35&amp#27;[0m
19:30:52.508 [main] INFO  com.voisetu.e2e.steps.Hooks — === STARTING UI SCENARIO: Successful login and session persists on refresh ===
19:30:52.509 [main] INFO  c.voisetu.e2e.config.DriverFactory — Creating WebDriver: browser=chrome, headless=true
  &amp#27;[32mGiven &amp#27;[0m&amp#27;[32mthe browser is open and the application is running&amp#27;[0m                                  &amp#27;[90m# com.voisetu.e2e.steps.RegisterSteps.theBrowserIsOpenAndRunning()&amp#27;[0m
19:30:53.250 [main] INFO  com.voisetu.e2e.utils.ApiHelper — User already exists, continuing: login_test@example.com
  &amp#27;[32mAnd &amp#27;[0m&amp#27;[32ma registered user exists with email &amp#27;[0m&amp#27;[32m&amp#27;[1m"login_test@example.com"&amp#27;[0m&amp#27;[32m and password &amp#27;[0m&amp#27;[32m&amp#27;[1m"Test@1234"&amp#27;[0m &amp#27;[90m# com.voisetu.e2e.steps.LoginSteps.aRegisteredUserExists(java.lang.String,java.lang.String)&amp#27;[0m
  &amp#27;[32mAnd &amp#27;[0m&amp#27;[32mthe user navigates to the login page&amp#27;[0m                                                  &amp#27;[90m# com.voisetu.e2e.steps.LoginSteps.theUserNavigatesToLoginPage()&amp#27;[0m
  &amp#27;[32mWhen &amp#27;[0m&amp#27;[32mthe user enters login email &amp#27;[0m&amp#27;[32m&amp#27;[1m"login_test@example.com"&amp#27;[0m                                 &amp#27;[90m# com.voisetu.e2e.steps.LoginSteps.theUserEntersLoginEmail(java.lang.String)&amp#27;[0m
  &amp#27;[32mAnd &amp#27;[0m&amp#27;[32mthe user enters login password &amp#27;[0m&amp#27;[32m&amp#27;[1m"Test@1234"&amp#27;[0m                                            &amp#27;[90m# com.voisetu.e2e.steps.LoginSteps.theUserEntersLoginPassword(java.lang.String)&amp#27;[0m
  &amp#27;[32mAnd &amp#27;[0m&amp#27;[32mthe user clicks the login button&amp#27;[0m                                                      &amp#27;[90m# com.voisetu.e2e.steps.LoginSteps.theUserClicksLoginButton()&amp#27;[0m
  &amp#27;[32mThen &amp#27;[0m&amp#27;[32mthe user should be redirected to the studio page&amp#27;[0m                                     &amp#27;[90m# com.voisetu.e2e.steps.RegisterSteps.theUserShouldBeRedirectedToStudio()&amp#27;[0m
  &amp#27;[32mWhen &amp#27;[0m&amp#27;[32mthe user refreshes the page&amp#27;[0m                                                          &amp#27;[90m# com.voisetu.e2e.steps.LoginSteps.theUserRefreshesThePage()&amp#27;[0m
  &amp#27;[32mThen &amp#27;[0m&amp#27;[32mthe user should still be on the studio page&amp#27;[0m                                          &amp#27;[90m# com.voisetu.e2e.steps.LoginSteps.theUserShouldStillBeOnStudioPage()&amp#27;[0m
19:30:55.701 [main] INFO  com.voisetu.e2e.steps.Hooks — === FINISHED UI SCENARIO: Successful login and session persists on refresh — PASSED ===
]]></system-out>
    <system-err><![CDATA[Aug 30, 2026 7:30:53 PM org.openqa.selenium.devtools.CdpVersionFinder findNearestMatch
WARNING: Unable to find CDP implementation matching 152
Aug 30, 2026 7:30:53 PM org.openqa.selenium.chromium.ChromiumDriver lambda$new$5
WARNING: Unable to find version of CDP to use for 152.0.7977.64. You may need to include a dependency on a specific version of the CDP using something similar to `org.seleniumhq.selenium:selenium-devtools-v86:4.21.0` where the version ("v86") matches the version of the chromium-based browser you're using and the version number of the artifact is the same as Selenium's.
]]></system-err>
  </testcase>
  <testcase name="runScenario[&quot;Login fails when email field is empty&quot;, &quot;User Login&quot;](3)" classname="com.voisetu.e2e.runner.AuthUITestRunner" time="1.69">
    <system-out><![CDATA[
@login @validation @ui
Scenario: Login fails when email field is empty                                             &amp#27;[90m# src/test/resources/features/login.feature:48&amp#27;[0m
19:30:55.791 [main] INFO  com.voisetu.e2e.steps.Hooks — === STARTING UI SCENARIO: Login fails when email field is empty ===
19:30:55.792 [main] INFO  c.voisetu.e2e.config.DriverFactory — Creating WebDriver: browser=chrome, headless=true
  &amp#27;[32mGiven &amp#27;[0m&amp#27;[32mthe browser is open and the application is running&amp#27;[0m                                  &amp#27;[90m# com.voisetu.e2e.steps.RegisterSteps.theBrowserIsOpenAndRunning()&amp#27;[0m
19:30:56.357 [main] INFO  com.voisetu.e2e.utils.ApiHelper — User already exists, continuing: login_test@example.com
  &amp#27;[32mAnd &amp#27;[0m&amp#27;[32ma registered user exists with email &amp#27;[0m&amp#27;[32m&amp#27;[1m"login_test@example.com"&amp#27;[0m&amp#27;[32m and password &amp#27;[0m&amp#27;[32m&amp#27;[1m"Test@1234"&amp#27;[0m &amp#27;[90m# com.voisetu.e2e.steps.LoginSteps.aRegisteredUserExists(java.lang.String,java.lang.String)&amp#27;[0m
  &amp#27;[32mAnd &amp#27;[0m&amp#27;[32mthe user navigates to the login page&amp#27;[0m                                                  &amp#27;[90m# com.voisetu.e2e.steps.LoginSteps.theUserNavigatesToLoginPage()&amp#27;[0m
  &amp#27;[32mWhen &amp#27;[0m&amp#27;[32mthe user leaves the login email blank&amp#27;[0m                                                &amp#27;[90m# com.voisetu.e2e.steps.LoginSteps.theUserLeavesLoginEmailBlank()&amp#27;[0m
  &amp#27;[32mAnd &amp#27;[0m&amp#27;[32mthe user enters login password &amp#27;[0m&amp#27;[32m&amp#27;[1m"Test@1234"&amp#27;[0m                                            &amp#27;[90m# com.voisetu.e2e.steps.LoginSteps.theUserEntersLoginPassword(java.lang.String)&amp#27;[0m
  &amp#27;[32mAnd &amp#27;[0m&amp#27;[32mthe user clicks the login button&amp#27;[0m                                                      &amp#27;[90m# com.voisetu.e2e.steps.LoginSteps.theUserClicksLoginButton()&amp#27;[0m
  &amp#27;[32mThen &amp#27;[0m&amp#27;[32mthe user should see the login field error &amp#27;[0m&amp#27;[32m&amp#27;[1m"Email is required."&amp#27;[0m                       &amp#27;[90m# com.voisetu.e2e.steps.LoginSteps.theUserShouldSeeLoginFieldError(java.lang.String)&amp#27;[0m
  &amp#27;[32mAnd &amp#27;[0m&amp#27;[32mthe user should remain on the login page&amp#27;[0m                                              &amp#27;[90m# com.voisetu.e2e.steps.LoginSteps.theUserShouldRemainOnLoginPage()&amp#27;[0m
19:30:57.399 [main] INFO  com.voisetu.e2e.steps.Hooks — === FINISHED UI SCENARIO: Login fails when email field is empty — PASSED ===
]]></system-out>
    <system-err><![CDATA[Aug 30, 2026 7:30:56 PM org.openqa.selenium.devtools.CdpVersionFinder findNearestMatch
WARNING: Unable to find CDP implementation matching 152
Aug 30, 2026 7:30:56 PM org.openqa.selenium.chromium.ChromiumDriver lambda$new$5
WARNING: Unable to find version of CDP to use for 152.0.7977.64. You may need to include a dependency on a specific version of the CDP using something similar to `org.seleniumhq.selenium:selenium-devtools-v86:4.21.0` where the version ("v86") matches the version of the chromium-based browser you're using and the version number of the artifact is the same as Selenium's.
]]></system-err>
  </testcase>
  <testcase name="runScenario[&quot;Login fails when password field is empty&quot;, &quot;User Login&quot;](4)" classname="com.voisetu.e2e.runner.AuthUITestRunner" time="3.034">
    <failure message="[Expected field error: &apos;Password is required.&apos;] &#10;Expecting value to be true but was false" type="java.lang.AssertionError"><![CDATA[java.lang.AssertionError: 
[Expected field error: 'Password is required.'] 
Expecting value to be true but was false
	at com.voisetu.e2e.steps.LoginSteps.theUserShouldSeeLoginFieldError(LoginSteps.java:128)
	at ✽.the user should see the login field error "Password is required."(file:///home/sumit/Documents/GitHub/TTS-Website/e2e-tests/src/test/resources/features/login.feature:60)
]]></failure>
    <system-out><![CDATA[
@login @validation @ui
Scenario: Login fails when password field is empty                                          &amp#27;[90m# src/test/resources/features/login.feature:56&amp#27;[0m
19:30:57.484 [main] INFO  com.voisetu.e2e.steps.Hooks — === STARTING UI SCENARIO: Login fails when password field is empty ===
19:30:57.484 [main] INFO  c.voisetu.e2e.config.DriverFactory — Creating WebDriver: browser=chrome, headless=true
  &amp#27;[32mGiven &amp#27;[0m&amp#27;[32mthe browser is open and the application is running&amp#27;[0m                                  &amp#27;[90m# com.voisetu.e2e.steps.RegisterSteps.theBrowserIsOpenAndRunning()&amp#27;[0m
19:30:58.039 [main] INFO  com.voisetu.e2e.utils.ApiHelper — User already exists, continuing: login_test@example.com
  &amp#27;[32mAnd &amp#27;[0m&amp#27;[32ma registered user exists with email &amp#27;[0m&amp#27;[32m&amp#27;[1m"login_test@example.com"&amp#27;[0m&amp#27;[32m and password &amp#27;[0m&amp#27;[32m&amp#27;[1m"Test@1234"&amp#27;[0m &amp#27;[90m# com.voisetu.e2e.steps.LoginSteps.aRegisteredUserExists(java.lang.String,java.lang.String)&amp#27;[0m
  &amp#27;[32mAnd &amp#27;[0m&amp#27;[32mthe user navigates to the login page&amp#27;[0m                                                  &amp#27;[90m# com.voisetu.e2e.steps.LoginSteps.theUserNavigatesToLoginPage()&amp#27;[0m
  &amp#27;[32mWhen &amp#27;[0m&amp#27;[32mthe user enters login email &amp#27;[0m&amp#27;[32m&amp#27;[1m"login_test@example.com"&amp#27;[0m                                 &amp#27;[90m# com.voisetu.e2e.steps.LoginSteps.theUserEntersLoginEmail(java.lang.String)&amp#27;[0m
  &amp#27;[32mAnd &amp#27;[0m&amp#27;[32mthe user leaves the login password blank&amp#27;[0m                                              &amp#27;[90m# com.voisetu.e2e.steps.LoginSteps.theUserLeavesLoginPasswordBlank()&amp#27;[0m
  &amp#27;[32mAnd &amp#27;[0m&amp#27;[32mthe user clicks the login button&amp#27;[0m                                                      &amp#27;[90m# com.voisetu.e2e.steps.LoginSteps.theUserClicksLoginButton()&amp#27;[0m
  &amp#27;[31mThen &amp#27;[0m&amp#27;[31mthe user should see the login field error &amp#27;[0m&amp#27;[31m&amp#27;[1m"Password is required."&amp#27;[0m                    &amp#27;[90m# com.voisetu.e2e.steps.LoginSteps.theUserShouldSeeLoginFieldError(java.lang.String)&amp#27;[0m
      &amp#27;[31mjava.lang.AssertionError: [Expected field error: 'Password is required.'] 
Expecting value to be true but was false
	at com.voisetu.e2e.steps.LoginSteps.theUserShouldSeeLoginFieldError(LoginSteps.java:128)
	at ✽.the user should see the login field error "Password is required."(file:///home/sumit/Documents/GitHub/TTS-Website/e2e-tests/src/test/resources/features/login.feature:60)
&amp#27;[0m
  &amp#27;[36mAnd &amp#27;[0m&amp#27;[36mthe user should remain on the login page&amp#27;[0m                                              &amp#27;[90m# com.voisetu.e2e.steps.LoginSteps.theUserShouldRemainOnLoginPage()&amp#27;[0m
19:31:00.263 [main] WARN  com.voisetu.e2e.steps.Hooks — Scenario FAILED: Login fails when password field is empty — capturing screenshot.

    Embedding failure-screenshot [image/png 127023 bytes]

19:31:00.431 [main] INFO  com.voisetu.e2e.steps.Hooks — === FINISHED UI SCENARIO: Login fails when password field is empty — FAILED ===
]]></system-out>
    <system-err><![CDATA[Aug 30, 2026 7:30:57 PM org.openqa.selenium.devtools.CdpVersionFinder findNearestMatch
WARNING: Unable to find CDP implementation matching 152
Aug 30, 2026 7:30:57 PM org.openqa.selenium.chromium.ChromiumDriver lambda$new$5
WARNING: Unable to find version of CDP to use for 152.0.7977.64. You may need to include a dependency on a specific version of the CDP using something similar to `org.seleniumhq.selenium:selenium-devtools-v86:4.21.0` where the version ("v86") matches the version of the chromium-based browser you're using and the version number of the artifact is the same as Selenium's.
]]></system-err>
  </testcase>
  <testcase name="runScenario[&quot;Login fails when email format is invalid&quot;, &quot;User Login&quot;](5)" classname="com.voisetu.e2e.runner.AuthUITestRunner" time="1.709">
    <system-out><![CDATA[
@login @validation @ui
Scenario: Login fails when email format is invalid                                          &amp#27;[90m# src/test/resources/features/login.feature:64&amp#27;[0m
19:31:00.515 [main] INFO  com.voisetu.e2e.steps.Hooks — === STARTING UI SCENARIO: Login fails when email format is invalid ===
19:31:00.516 [main] INFO  c.voisetu.e2e.config.DriverFactory — Creating WebDriver: browser=chrome, headless=true
  &amp#27;[32mGiven &amp#27;[0m&amp#27;[32mthe browser is open and the application is running&amp#27;[0m                                  &amp#27;[90m# com.voisetu.e2e.steps.RegisterSteps.theBrowserIsOpenAndRunning()&amp#27;[0m
19:31:01.181 [main] INFO  com.voisetu.e2e.utils.ApiHelper — User already exists, continuing: login_test@example.com
  &amp#27;[32mAnd &amp#27;[0m&amp#27;[32ma registered user exists with email &amp#27;[0m&amp#27;[32m&amp#27;[1m"login_test@example.com"&amp#27;[0m&amp#27;[32m and password &amp#27;[0m&amp#27;[32m&amp#27;[1m"Test@1234"&amp#27;[0m &amp#27;[90m# com.voisetu.e2e.steps.LoginSteps.aRegisteredUserExists(java.lang.String,java.lang.String)&amp#27;[0m
  &amp#27;[32mAnd &amp#27;[0m&amp#27;[32mthe user navigates to the login page&amp#27;[0m                                                  &amp#27;[90m# com.voisetu.e2e.steps.LoginSteps.theUserNavigatesToLoginPage()&amp#27;[0m
  &amp#27;[32mWhen &amp#27;[0m&amp#27;[32mthe user enters login email &amp#27;[0m&amp#27;[32m&amp#27;[1m"not-an-email"&amp#27;[0m                                           &amp#27;[90m# com.voisetu.e2e.steps.LoginSteps.theUserEntersLoginEmail(java.lang.String)&amp#27;[0m
  &amp#27;[32mAnd &amp#27;[0m&amp#27;[32mthe user enters login password &amp#27;[0m&amp#27;[32m&amp#27;[1m"Test@1234"&amp#27;[0m                                            &amp#27;[90m# com.voisetu.e2e.steps.LoginSteps.theUserEntersLoginPassword(java.lang.String)&amp#27;[0m
  &amp#27;[32mAnd &amp#27;[0m&amp#27;[32mthe user clicks the login button&amp#27;[0m                                                      &amp#27;[90m# com.voisetu.e2e.steps.LoginSteps.theUserClicksLoginButton()&amp#27;[0m
  &amp#27;[32mThen &amp#27;[0m&amp#27;[32mthe user should see the login field error &amp#27;[0m&amp#27;[32m&amp#27;[1m"Please enter a valid email address."&amp#27;[0m      &amp#27;[90m# com.voisetu.e2e.steps.LoginSteps.theUserShouldSeeLoginFieldError(java.lang.String)&amp#27;[0m
  &amp#27;[32mAnd &amp#27;[0m&amp#27;[32mthe user should remain on the login page&amp#27;[0m                                              &amp#27;[90m# com.voisetu.e2e.steps.LoginSteps.theUserShouldRemainOnLoginPage()&amp#27;[0m
19:31:02.142 [main] INFO  com.voisetu.e2e.steps.Hooks — === FINISHED UI SCENARIO: Login fails when email format is invalid — PASSED ===
]]></system-out>
    <system-err><![CDATA[Aug 30, 2026 7:31:00 PM org.openqa.selenium.devtools.CdpVersionFinder findNearestMatch
WARNING: Unable to find CDP implementation matching 152
Aug 30, 2026 7:31:00 PM org.openqa.selenium.chromium.ChromiumDriver lambda$new$5
WARNING: Unable to find version of CDP to use for 152.0.7977.64. You may need to include a dependency on a specific version of the CDP using something similar to `org.seleniumhq.selenium:selenium-devtools-v86:4.21.0` where the version ("v86") matches the version of the chromium-based browser you're using and the version number of the artifact is the same as Selenium's.
]]></system-err>
  </testcase>
  <testcase name="runScenario[&quot;Login fails when password is shorter than 6 characters&quot;, &quot;User Login&quot;](6)" classname="com.voisetu.e2e.runner.AuthUITestRunner" time="3.32">
    <failure message="[Expected field error: &apos;Password must be at least 6 characters.&apos;] &#10;Expecting value to be true but was false" type="java.lang.AssertionError"><![CDATA[java.lang.AssertionError: 
[Expected field error: 'Password must be at least 6 characters.'] 
Expecting value to be true but was false
	at com.voisetu.e2e.steps.LoginSteps.theUserShouldSeeLoginFieldError(LoginSteps.java:128)
	at ✽.the user should see the login field error "Password must be at least 6 characters."(file:///home/sumit/Documents/GitHub/TTS-Website/e2e-tests/src/test/resources/features/login.feature:76)
]]></failure>
    <system-out><![CDATA[
@login @validation @ui
Scenario: Login fails when password is shorter than 6 characters                            &amp#27;[90m# src/test/resources/features/login.feature:72&amp#27;[0m
19:31:02.224 [main] INFO  com.voisetu.e2e.steps.Hooks — === STARTING UI SCENARIO: Login fails when password is shorter than 6 characters ===
19:31:02.224 [main] INFO  c.voisetu.e2e.config.DriverFactory — Creating WebDriver: browser=chrome, headless=true
  &amp#27;[32mGiven &amp#27;[0m&amp#27;[32mthe browser is open and the application is running&amp#27;[0m                                  &amp#27;[90m# com.voisetu.e2e.steps.RegisterSteps.theBrowserIsOpenAndRunning()&amp#27;[0m
19:31:02.771 [main] INFO  com.voisetu.e2e.utils.ApiHelper — User already exists, continuing: login_test@example.com
  &amp#27;[32mAnd &amp#27;[0m&amp#27;[32ma registered user exists with email &amp#27;[0m&amp#27;[32m&amp#27;[1m"login_test@example.com"&amp#27;[0m&amp#27;[32m and password &amp#27;[0m&amp#27;[32m&amp#27;[1m"Test@1234"&amp#27;[0m &amp#27;[90m# com.voisetu.e2e.steps.LoginSteps.aRegisteredUserExists(java.lang.String,java.lang.String)&amp#27;[0m
  &amp#27;[32mAnd &amp#27;[0m&amp#27;[32mthe user navigates to the login page&amp#27;[0m                                                  &amp#27;[90m# com.voisetu.e2e.steps.LoginSteps.theUserNavigatesToLoginPage()&amp#27;[0m
  &amp#27;[32mWhen &amp#27;[0m&amp#27;[32mthe user enters login email &amp#27;[0m&amp#27;[32m&amp#27;[1m"login_test@example.com"&amp#27;[0m                                 &amp#27;[90m# com.voisetu.e2e.steps.LoginSteps.theUserEntersLoginEmail(java.lang.String)&amp#27;[0m
  &amp#27;[32mAnd &amp#27;[0m&amp#27;[32mthe user enters login password &amp#27;[0m&amp#27;[32m&amp#27;[1m"abc"&amp#27;[0m                                                  &amp#27;[90m# com.voisetu.e2e.steps.LoginSteps.theUserEntersLoginPassword(java.lang.String)&amp#27;[0m
  &amp#27;[32mAnd &amp#27;[0m&amp#27;[32mthe user clicks the login button&amp#27;[0m                                                      &amp#27;[90m# com.voisetu.e2e.steps.LoginSteps.theUserClicksLoginButton()&amp#27;[0m
  &amp#27;[31mThen &amp#27;[0m&amp#27;[31mthe user should see the login field error &amp#27;[0m&amp#27;[31m&amp#27;[1m"Password must be at least 6 characters."&amp#27;[0m  &amp#27;[90m# com.voisetu.e2e.steps.LoginSteps.theUserShouldSeeLoginFieldError(java.lang.String)&amp#27;[0m
      &amp#27;[31mjava.lang.AssertionError: [Expected field error: 'Password must be at least 6 characters.'] 
Expecting value to be true but was false
	at com.voisetu.e2e.steps.LoginSteps.theUserShouldSeeLoginFieldError(LoginSteps.java:128)
	at ✽.the user should see the login field error "Password must be at least 6 characters."(file:///home/sumit/Documents/GitHub/TTS-Website/e2e-tests/src/test/resources/features/login.feature:76)
&amp#27;[0m
  &amp#27;[36mAnd &amp#27;[0m&amp#27;[36mthe user should remain on the login page&amp#27;[0m                                              &amp#27;[90m# com.voisetu.e2e.steps.LoginSteps.theUserShouldRemainOnLoginPage()&amp#27;[0m
19:31:05.318 [main] WARN  com.voisetu.e2e.steps.Hooks — Scenario FAILED: Login fails when password is shorter than 6 characters — capturing screenshot.

    Embedding failure-screenshot [image/png 128298 bytes]

19:31:05.463 [main] INFO  com.voisetu.e2e.steps.Hooks — === FINISHED UI SCENARIO: Login fails when password is shorter than 6 characters — FAILED ===
]]></system-out>
    <system-err><![CDATA[Aug 30, 2026 7:31:02 PM org.openqa.selenium.devtools.CdpVersionFinder findNearestMatch
WARNING: Unable to find CDP implementation matching 152
Aug 30, 2026 7:31:02 PM org.openqa.selenium.chromium.ChromiumDriver lambda$new$5
WARNING: Unable to find version of CDP to use for 152.0.7977.64. You may need to include a dependency on a specific version of the CDP using something similar to `org.seleniumhq.selenium:selenium-devtools-v86:4.21.0` where the version ("v86") matches the version of the chromium-based browser you're using and the version number of the artifact is the same as Selenium's.
]]></system-err>
  </testcase>
  <testcase name="runScenario[&quot;Login fails with wrong password&quot;, &quot;User Login&quot;](7)" classname="com.voisetu.e2e.runner.AuthUITestRunner" time="1.74">
    <system-out><![CDATA[
@login @server-error @ui
Scenario: Login fails with wrong password                                                   &amp#27;[90m# src/test/resources/features/login.feature:84&amp#27;[0m
19:31:05.543 [main] INFO  com.voisetu.e2e.steps.Hooks — === STARTING UI SCENARIO: Login fails with wrong password ===
19:31:05.543 [main] INFO  c.voisetu.e2e.config.DriverFactory — Creating WebDriver: browser=chrome, headless=true
  &amp#27;[32mGiven &amp#27;[0m&amp#27;[32mthe browser is open and the application is running&amp#27;[0m                                  &amp#27;[90m# com.voisetu.e2e.steps.RegisterSteps.theBrowserIsOpenAndRunning()&amp#27;[0m
19:31:06.081 [main] INFO  com.voisetu.e2e.utils.ApiHelper — User already exists, continuing: login_test@example.com
  &amp#27;[32mAnd &amp#27;[0m&amp#27;[32ma registered user exists with email &amp#27;[0m&amp#27;[32m&amp#27;[1m"login_test@example.com"&amp#27;[0m&amp#27;[32m and password &amp#27;[0m&amp#27;[32m&amp#27;[1m"Test@1234"&amp#27;[0m &amp#27;[90m# com.voisetu.e2e.steps.LoginSteps.aRegisteredUserExists(java.lang.String,java.lang.String)&amp#27;[0m
  &amp#27;[32mAnd &amp#27;[0m&amp#27;[32mthe user navigates to the login page&amp#27;[0m                                                  &amp#27;[90m# com.voisetu.e2e.steps.LoginSteps.theUserNavigatesToLoginPage()&amp#27;[0m
  &amp#27;[32mWhen &amp#27;[0m&amp#27;[32mthe user enters login email &amp#27;[0m&amp#27;[32m&amp#27;[1m"login_test@example.com"&amp#27;[0m                                 &amp#27;[90m# com.voisetu.e2e.steps.LoginSteps.theUserEntersLoginEmail(java.lang.String)&amp#27;[0m
  &amp#27;[32mAnd &amp#27;[0m&amp#27;[32mthe user enters login password &amp#27;[0m&amp#27;[32m&amp#27;[1m"WrongPass@99"&amp#27;[0m                                         &amp#27;[90m# com.voisetu.e2e.steps.LoginSteps.theUserEntersLoginPassword(java.lang.String)&amp#27;[0m
  &amp#27;[32mAnd &amp#27;[0m&amp#27;[32mthe user clicks the login button&amp#27;[0m                                                      &amp#27;[90m# com.voisetu.e2e.steps.LoginSteps.theUserClicksLoginButton()&amp#27;[0m
  &amp#27;[32mThen &amp#27;[0m&amp#27;[32mthe user should see the error banner &amp#27;[0m&amp#27;[32m&amp#27;[1m"Invalid email or password. Please try again."&amp#27;[0m  &amp#27;[90m# com.voisetu.e2e.steps.CommonSteps.theUserShouldSeeErrorBanner(java.lang.String)&amp#27;[0m
  &amp#27;[32mAnd &amp#27;[0m&amp#27;[32mthe user should remain on the login page&amp#27;[0m                                              &amp#27;[90m# com.voisetu.e2e.steps.LoginSteps.theUserShouldRemainOnLoginPage()&amp#27;[0m
19:31:07.204 [main] INFO  com.voisetu.e2e.steps.Hooks — === FINISHED UI SCENARIO: Login fails with wrong password — PASSED ===
]]></system-out>
    <system-err><![CDATA[Aug 30, 2026 7:31:05 PM org.openqa.selenium.devtools.CdpVersionFinder findNearestMatch
WARNING: Unable to find CDP implementation matching 152
Aug 30, 2026 7:31:05 PM org.openqa.selenium.chromium.ChromiumDriver lambda$new$5
WARNING: Unable to find version of CDP to use for 152.0.7977.64. You may need to include a dependency on a specific version of the CDP using something similar to `org.seleniumhq.selenium:selenium-devtools-v86:4.21.0` where the version ("v86") matches the version of the chromium-based browser you're using and the version number of the artifact is the same as Selenium's.
]]></system-err>
  </testcase>
  <testcase name="runScenario[&quot;Login fails with a non-existent email&quot;, &quot;User Login&quot;](8)" classname="com.voisetu.e2e.runner.AuthUITestRunner" time="1.767">
    <system-out><![CDATA[
@login @server-error @ui
Scenario: Login fails with a non-existent email                                             &amp#27;[90m# src/test/resources/features/login.feature:92&amp#27;[0m
19:31:07.286 [main] INFO  com.voisetu.e2e.steps.Hooks — === STARTING UI SCENARIO: Login fails with a non-existent email ===
19:31:07.286 [main] INFO  c.voisetu.e2e.config.DriverFactory — Creating WebDriver: browser=chrome, headless=true
  &amp#27;[32mGiven &amp#27;[0m&amp#27;[32mthe browser is open and the application is running&amp#27;[0m                                  &amp#27;[90m# com.voisetu.e2e.steps.RegisterSteps.theBrowserIsOpenAndRunning()&amp#27;[0m
19:31:07.826 [main] INFO  com.voisetu.e2e.utils.ApiHelper — User already exists, continuing: login_test@example.com
  &amp#27;[32mAnd &amp#27;[0m&amp#27;[32ma registered user exists with email &amp#27;[0m&amp#27;[32m&amp#27;[1m"login_test@example.com"&amp#27;[0m&amp#27;[32m and password &amp#27;[0m&amp#27;[32m&amp#27;[1m"Test@1234"&amp#27;[0m &amp#27;[90m# com.voisetu.e2e.steps.LoginSteps.aRegisteredUserExists(java.lang.String,java.lang.String)&amp#27;[0m
  &amp#27;[32mAnd &amp#27;[0m&amp#27;[32mthe user navigates to the login page&amp#27;[0m                                                  &amp#27;[90m# com.voisetu.e2e.steps.LoginSteps.theUserNavigatesToLoginPage()&amp#27;[0m
  &amp#27;[32mWhen &amp#27;[0m&amp#27;[32mthe user enters login email &amp#27;[0m&amp#27;[32m&amp#27;[1m"nobody@notregistered.com"&amp#27;[0m                               &amp#27;[90m# com.voisetu.e2e.steps.LoginSteps.theUserEntersLoginEmail(java.lang.String)&amp#27;[0m
  &amp#27;[32mAnd &amp#27;[0m&amp#27;[32mthe user enters login password &amp#27;[0m&amp#27;[32m&amp#27;[1m"Test@1234"&amp#27;[0m                                            &amp#27;[90m# com.voisetu.e2e.steps.LoginSteps.theUserEntersLoginPassword(java.lang.String)&amp#27;[0m
  &amp#27;[32mAnd &amp#27;[0m&amp#27;[32mthe user clicks the login button&amp#27;[0m                                                      &amp#27;[90m# com.voisetu.e2e.steps.LoginSteps.theUserClicksLoginButton()&amp#27;[0m
  &amp#27;[32mThen &amp#27;[0m&amp#27;[32mthe user should see the error banner &amp#27;[0m&amp#27;[32m&amp#27;[1m"Invalid email or password. Please try again."&amp#27;[0m  &amp#27;[90m# com.voisetu.e2e.steps.CommonSteps.theUserShouldSeeErrorBanner(java.lang.String)&amp#27;[0m
  &amp#27;[32mAnd &amp#27;[0m&amp#27;[32mthe user should remain on the login page&amp#27;[0m                                              &amp#27;[90m# com.voisetu.e2e.steps.LoginSteps.theUserShouldRemainOnLoginPage()&amp#27;[0m
19:31:08.966 [main] INFO  com.voisetu.e2e.steps.Hooks — === FINISHED UI SCENARIO: Login fails with a non-existent email — PASSED ===
]]></system-out>
    <system-err><![CDATA[Aug 30, 2026 7:31:07 PM org.openqa.selenium.devtools.CdpVersionFinder findNearestMatch
WARNING: Unable to find CDP implementation matching 152
Aug 30, 2026 7:31:07 PM org.openqa.selenium.chromium.ChromiumDriver lambda$new$5
WARNING: Unable to find version of CDP to use for 152.0.7977.64. You may need to include a dependency on a specific version of the CDP using something similar to `org.seleniumhq.selenium:selenium-devtools-v86:4.21.0` where the version ("v86") matches the version of the chromium-based browser you're using and the version number of the artifact is the same as Selenium's.
]]></system-err>
  </testcase>
  <testcase name="runScenario[&quot;User can navigate from login page to signup page via the register link&quot;, &quot;User Login&quot;](9)" classname="com.voisetu.e2e.runner.AuthUITestRunner" time="2.284">
    <failure message="element click intercepted: Element is not clickable at point (579, 547)&#10;  (Session info: chrome=152.0.7977.64)&#10;Build info: version: &apos;4.21.0&apos;, revision: &apos;79ed462ef4&apos;&#10;System info: os.name: &apos;Linux&apos;, os.arch: &apos;amd64&apos;, os.version: &apos;7.0.0-30-generic&apos;, java.version: &apos;17.0.20&apos;&#10;Driver info: org.openqa.selenium.chrome.ChromeDriver&#10;Command: [2cc3116571ce1f52cd7f86f8e1fe9b9e, clickElement {id=f.456EFBCD6B4C48E333996F86C88DCCDB.d.AC07C8A7852F118856EC0357F59A4F11.e.5}]&#10;Capabilities {acceptInsecureCerts: false, browserName: chrome, browserVersion: 152.0.7977.64, chrome: {chromedriverVersion: 152.0.7977.64 (506c834eccea..., userDataDir: /tmp/org.chromium.Chromium....}, fedcm:accounts: true, goog:chromeOptions: {debuggerAddress: localhost:40275}, goog:processID: 18970, networkConnectionEnabled: false, pageLoadStrategy: normal, platformName: linux, proxy: Proxy(), se:cdp: ws://localhost:40275/devtoo..., se:cdpVersion: 152.0.7977.64, setWindowRect: true, strictFileInteractability: false, timeouts: {implicit: 0, pageLoad: 300000, script: 30000}, unhandledPromptBehavior: dismiss and notify, webauthn:extension:credBlob: true, webauthn:extension:largeBlob: true, webauthn:extension:minPinLength: true, webauthn:extension:prf: true, webauthn:virtualAuthenticators: true}&#10;Element: [[ChromeDriver: chrome on linux (2cc3116571ce1f52cd7f86f8e1fe9b9e)] -&gt; id: btn-goto-register]&#10;Session ID: 2cc3116571ce1f52cd7f86f8e1fe9b9e" type="org.openqa.selenium.ElementClickInterceptedException"><![CDATA[org.openqa.selenium.ElementClickInterceptedException: 
element click intercepted: Element is not clickable at point (579, 547)
  (Session info: chrome=152.0.7977.64)
Build info: version: '4.21.0', revision: '79ed462ef4'
System info: os.name: 'Linux', os.arch: 'amd64', os.version: '7.0.0-30-generic', java.version: '17.0.20'
Driver info: org.openqa.selenium.chrome.ChromeDriver
Command: [2cc3116571ce1f52cd7f86f8e1fe9b9e, clickElement {id=f.456EFBCD6B4C48E333996F86C88DCCDB.d.AC07C8A7852F118856EC0357F59A4F11.e.5}]
Capabilities {acceptInsecureCerts: false, browserName: chrome, browserVersion: 152.0.7977.64, chrome: {chromedriverVersion: 152.0.7977.64 (506c834eccea..., userDataDir: /tmp/org.chromium.Chromium....}, fedcm:accounts: true, goog:chromeOptions: {debuggerAddress: localhost:40275}, goog:processID: 18970, networkConnectionEnabled: false, pageLoadStrategy: normal, platformName: linux, proxy: Proxy(), se:cdp: ws://localhost:40275/devtoo..., se:cdpVersion: 152.0.7977.64, setWindowRect: true, strictFileInteractability: false, timeouts: {implicit: 0, pageLoad: 300000, script: 30000}, unhandledPromptBehavior: dismiss and notify, webauthn:extension:credBlob: true, webauthn:extension:largeBlob: true, webauthn:extension:minPinLength: true, webauthn:extension:prf: true, webauthn:virtualAuthenticators: true}
Element: [[ChromeDriver: chrome on linux (2cc3116571ce1f52cd7f86f8e1fe9b9e)] -> id: btn-goto-register]
Session ID: 2cc3116571ce1f52cd7f86f8e1fe9b9e
	at java.base/jdk.internal.reflect.NativeConstructorAccessorImpl.newInstance0(Native Method)
	at java.base/jdk.internal.reflect.NativeConstructorAccessorImpl.newInstance(NativeConstructorAccessorImpl.java:77)
	at java.base/jdk.internal.reflect.DelegatingConstructorAccessorImpl.newInstance(DelegatingConstructorAccessorImpl.java:45)
	at java.base/java.lang.reflect.Constructor.newInstanceWithCaller(Constructor.java:500)
	at java.base/java.lang.reflect.Constructor.newInstance(Constructor.java:481)
	at org.openqa.selenium.remote.ErrorCodec.decode(ErrorCodec.java:167)
	at org.openqa.selenium.remote.codec.w3c.W3CHttpResponseCodec.decode(W3CHttpResponseCodec.java:138)
	at org.openqa.selenium.remote.codec.w3c.W3CHttpResponseCodec.decode(W3CHttpResponseCodec.java:50)
	at org.openqa.selenium.remote.HttpCommandExecutor.execute(HttpCommandExecutor.java:190)
	at org.openqa.selenium.remote.service.DriverCommandExecutor.invokeExecute(DriverCommandExecutor.java:216)
	at org.openqa.selenium.remote.service.DriverCommandExecutor.execute(DriverCommandExecutor.java:174)
	at org.openqa.selenium.remote.RemoteWebDriver.execute(RemoteWebDriver.java:518)
	at org.openqa.selenium.remote.RemoteWebElement.execute(RemoteWebElement.java:223)
	at org.openqa.selenium.remote.RemoteWebElement.click(RemoteWebElement.java:76)
	at java.base/jdk.internal.reflect.NativeMethodAccessorImpl.invoke0(Native Method)
	at java.base/jdk.internal.reflect.NativeMethodAccessorImpl.invoke(NativeMethodAccessorImpl.java:77)
	at java.base/jdk.internal.reflect.DelegatingMethodAccessorImpl.invoke(DelegatingMethodAccessorImpl.java:43)
	at java.base/java.lang.reflect.Method.invoke(Method.java:569)
	at org.openqa.selenium.support.pagefactory.internal.LocatingElementHandler.invoke(LocatingElementHandler.java:51)
	at jdk.proxy2/jdk.proxy2.$Proxy25.click(Unknown Source)
	at com.voisetu.e2e.pages.LoginPage.clickCreateAccountLink(LoginPage.java:95)
	at com.voisetu.e2e.steps.LoginSteps.theUserClicksLinkOnLoginPage(LoginSteps.java:94)
	at ✽.the user clicks the "Create a free account" link on the login page(file:///home/sumit/Documents/GitHub/TTS-Website/e2e-tests/src/test/resources/features/login.feature:105)
]]></failure>
    <system-out><![CDATA[
@login @navigation @ui
Scenario: User can navigate from login page to signup page via the register link            &amp#27;[90m# src/test/resources/features/login.feature:104&amp#27;[0m
19:31:09.050 [main] INFO  com.voisetu.e2e.steps.Hooks — === STARTING UI SCENARIO: User can navigate from login page to signup page via the register link ===
19:31:09.050 [main] INFO  c.voisetu.e2e.config.DriverFactory — Creating WebDriver: browser=chrome, headless=true
  &amp#27;[32mGiven &amp#27;[0m&amp#27;[32mthe browser is open and the application is running&amp#27;[0m                                  &amp#27;[90m# com.voisetu.e2e.steps.RegisterSteps.theBrowserIsOpenAndRunning()&amp#27;[0m
19:31:09.583 [main] INFO  com.voisetu.e2e.utils.ApiHelper — User already exists, continuing: login_test@example.com
  &amp#27;[32mAnd &amp#27;[0m&amp#27;[32ma registered user exists with email &amp#27;[0m&amp#27;[32m&amp#27;[1m"login_test@example.com"&amp#27;[0m&amp#27;[32m and password &amp#27;[0m&amp#27;[32m&amp#27;[1m"Test@1234"&amp#27;[0m &amp#27;[90m# com.voisetu.e2e.steps.LoginSteps.aRegisteredUserExists(java.lang.String,java.lang.String)&amp#27;[0m
  &amp#27;[32mAnd &amp#27;[0m&amp#27;[32mthe user navigates to the login page&amp#27;[0m                                                  &amp#27;[90m# com.voisetu.e2e.steps.LoginSteps.theUserNavigatesToLoginPage()&amp#27;[0m
  &amp#27;[31mWhen &amp#27;[0m&amp#27;[31mthe user clicks the &amp#27;[0m&amp#27;[31m&amp#27;[1m"Create a free account"&amp#27;[0m&amp#27;[31m link on the login page&amp#27;[0m                   &amp#27;[90m# com.voisetu.e2e.steps.LoginSteps.theUserClicksLinkOnLoginPage(java.lang.String)&amp#27;[0m
      &amp#27;[31morg.openqa.selenium.ElementClickInterceptedException: element click intercepted: Element is not clickable at point (579, 547)
  (Session info: chrome=152.0.7977.64)
Build info: version: '4.21.0', revision: '79ed462ef4'
System info: os.name: 'Linux', os.arch: 'amd64', os.version: '7.0.0-30-generic', java.version: '17.0.20'
Driver info: org.openqa.selenium.chrome.ChromeDriver
Command: [2cc3116571ce1f52cd7f86f8e1fe9b9e, clickElement {id=f.456EFBCD6B4C48E333996F86C88DCCDB.d.AC07C8A7852F118856EC0357F59A4F11.e.5}]
Capabilities {acceptInsecureCerts: false, browserName: chrome, browserVersion: 152.0.7977.64, chrome: {chromedriverVersion: 152.0.7977.64 (506c834eccea..., userDataDir: /tmp/org.chromium.Chromium....}, fedcm:accounts: true, goog:chromeOptions: {debuggerAddress: localhost:40275}, goog:processID: 18970, networkConnectionEnabled: false, pageLoadStrategy: normal, platformName: linux, proxy: Proxy(), se:cdp: ws://localhost:40275/devtoo..., se:cdpVersion: 152.0.7977.64, setWindowRect: true, strictFileInteractability: false, timeouts: {implicit: 0, pageLoad: 300000, script: 30000}, unhandledPromptBehavior: dismiss and notify, webauthn:extension:credBlob: true, webauthn:extension:largeBlob: true, webauthn:extension:minPinLength: true, webauthn:extension:prf: true, webauthn:virtualAuthenticators: true}
Element: [[ChromeDriver: chrome on linux (2cc3116571ce1f52cd7f86f8e1fe9b9e)] -> id: btn-goto-register]
Session ID: 2cc3116571ce1f52cd7f86f8e1fe9b9e
	at java.base/jdk.internal.reflect.NativeConstructorAccessorImpl.newInstance0(Native Method)
	at java.base/jdk.internal.reflect.NativeConstructorAccessorImpl.newInstance(NativeConstructorAccessorImpl.java:77)
	at java.base/jdk.internal.reflect.DelegatingConstructorAccessorImpl.newInstance(DelegatingConstructorAccessorImpl.java:45)
	at java.base/java.lang.reflect.Constructor.newInstanceWithCaller(Constructor.java:500)
	at java.base/java.lang.reflect.Constructor.newInstance(Constructor.java:481)
	at org.openqa.selenium.remote.ErrorCodec.decode(ErrorCodec.java:167)
	at org.openqa.selenium.remote.codec.w3c.W3CHttpResponseCodec.decode(W3CHttpResponseCodec.java:138)
	at org.openqa.selenium.remote.codec.w3c.W3CHttpResponseCodec.decode(W3CHttpResponseCodec.java:50)
	at org.openqa.selenium.remote.HttpCommandExecutor.execute(HttpCommandExecutor.java:190)
	at org.openqa.selenium.remote.service.DriverCommandExecutor.invokeExecute(DriverCommandExecutor.java:216)
	at org.openqa.selenium.remote.service.DriverCommandExecutor.execute(DriverCommandExecutor.java:174)
	at org.openqa.selenium.remote.RemoteWebDriver.execute(RemoteWebDriver.java:518)
	at org.openqa.selenium.remote.RemoteWebElement.execute(RemoteWebElement.java:223)
	at org.openqa.selenium.remote.RemoteWebElement.click(RemoteWebElement.java:76)
	at java.base/jdk.internal.reflect.NativeMethodAccessorImpl.invoke0(Native Method)
	at java.base/jdk.internal.reflect.NativeMethodAccessorImpl.invoke(NativeMethodAccessorImpl.java:77)
	at java.base/jdk.internal.reflect.DelegatingMethodAccessorImpl.invoke(DelegatingMethodAccessorImpl.java:43)
	at java.base/java.lang.reflect.Method.invoke(Method.java:569)
	at org.openqa.selenium.support.pagefactory.internal.LocatingElementHandler.invoke(LocatingElementHandler.java:51)
	at jdk.proxy2/jdk.proxy2.$Proxy25.click(Unknown Source)
	at com.voisetu.e2e.pages.LoginPage.clickCreateAccountLink(LoginPage.java:95)
	at com.voisetu.e2e.steps.LoginSteps.theUserClicksLinkOnLoginPage(LoginSteps.java:94)
	at ✽.the user clicks the "Create a free account" link on the login page(file:///home/sumit/Documents/GitHub/TTS-Website/e2e-tests/src/test/resources/features/login.feature:105)
&amp#27;[0m
  &amp#27;[36mThen &amp#27;[0m&amp#27;[36mthe user should be on the signup page&amp#27;[0m                                                &amp#27;[90m# com.voisetu.e2e.steps.CommonSteps.theUserShouldBeOnSignupPage()&amp#27;[0m
19:31:11.171 [main] WARN  com.voisetu.e2e.steps.Hooks — Scenario FAILED: User can navigate from login page to signup page via the register link — capturing screenshot.

    Embedding failure-screenshot [image/png 132255 bytes]

19:31:11.251 [main] INFO  com.voisetu.e2e.steps.Hooks — === FINISHED UI SCENARIO: User can navigate from login page to signup page via the register link — FAILED ===
]]></system-out>
    <system-err><![CDATA[Aug 30, 2026 7:31:09 PM org.openqa.selenium.devtools.CdpVersionFinder findNearestMatch
WARNING: Unable to find CDP implementation matching 152
Aug 30, 2026 7:31:09 PM org.openqa.selenium.chromium.ChromiumDriver lambda$new$5
WARNING: Unable to find version of CDP to use for 152.0.7977.64. You may need to include a dependency on a specific version of the CDP using something similar to `org.seleniumhq.selenium:selenium-devtools-v86:4.21.0` where the version ("v86") matches the version of the chromium-based browser you're using and the version number of the artifact is the same as Selenium's.
]]></system-err>
  </testcase>
  <testcase name="runScenario[&quot;Already authenticated user is redirected away from login page&quot;, &quot;User Login&quot;](10)" classname="com.voisetu.e2e.runner.AuthUITestRunner" time="17.486">
    <failure message="Expected condition failed: waiting for url to contain &quot;/studio&quot;. Current url: &quot;http://localhost:4200/login&quot; (tried for 15 second(s) with 500 milliseconds interval)&#10;Build info: version: &apos;4.21.0&apos;, revision: &apos;79ed462ef4&apos;&#10;System info: os.name: &apos;Linux&apos;, os.arch: &apos;amd64&apos;, os.version: &apos;7.0.0-30-generic&apos;, java.version: &apos;17.0.20&apos;&#10;Driver info: org.openqa.selenium.chrome.ChromeDriver&#10;Capabilities {acceptInsecureCerts: false, browserName: chrome, browserVersion: 152.0.7977.64, chrome: {chromedriverVersion: 152.0.7977.64 (506c834eccea..., userDataDir: /tmp/org.chromium.Chromium....}, fedcm:accounts: true, goog:chromeOptions: {debuggerAddress: localhost:33729}, goog:processID: 19168, networkConnectionEnabled: false, pageLoadStrategy: normal, platformName: linux, proxy: Proxy(), se:cdp: ws://localhost:33729/devtoo..., se:cdpVersion: 152.0.7977.64, setWindowRect: true, strictFileInteractability: false, timeouts: {implicit: 0, pageLoad: 300000, script: 30000}, unhandledPromptBehavior: dismiss and notify, webauthn:extension:credBlob: true, webauthn:extension:largeBlob: true, webauthn:extension:minPinLength: true, webauthn:extension:prf: true, webauthn:virtualAuthenticators: true}&#10;Session ID: 3ab53112b1a3d9be155310aa4a95f6d2" type="org.openqa.selenium.TimeoutException"><![CDATA[org.openqa.selenium.TimeoutException: 
Expected condition failed: waiting for url to contain "/studio". Current url: "http://localhost:4200/login" (tried for 15 second(s) with 500 milliseconds interval)
Build info: version: '4.21.0', revision: '79ed462ef4'
System info: os.name: 'Linux', os.arch: 'amd64', os.version: '7.0.0-30-generic', java.version: '17.0.20'
Driver info: org.openqa.selenium.chrome.ChromeDriver
Capabilities {acceptInsecureCerts: false, browserName: chrome, browserVersion: 152.0.7977.64, chrome: {chromedriverVersion: 152.0.7977.64 (506c834eccea..., userDataDir: /tmp/org.chromium.Chromium....}, fedcm:accounts: true, goog:chromeOptions: {debuggerAddress: localhost:33729}, goog:processID: 19168, networkConnectionEnabled: false, pageLoadStrategy: normal, platformName: linux, proxy: Proxy(), se:cdp: ws://localhost:33729/devtoo..., se:cdpVersion: 152.0.7977.64, setWindowRect: true, strictFileInteractability: false, timeouts: {implicit: 0, pageLoad: 300000, script: 30000}, unhandledPromptBehavior: dismiss and notify, webauthn:extension:credBlob: true, webauthn:extension:largeBlob: true, webauthn:extension:minPinLength: true, webauthn:extension:prf: true, webauthn:virtualAuthenticators: true}
Session ID: 3ab53112b1a3d9be155310aa4a95f6d2
	at org.openqa.selenium.support.ui.WebDriverWait.timeoutException(WebDriverWait.java:84)
	at org.openqa.selenium.support.ui.FluentWait.until(FluentWait.java:228)
	at com.voisetu.e2e.utils.WebDriverUtils.waitForUrlContaining(WebDriverUtils.java:44)
	at com.voisetu.e2e.steps.RegisterSteps.theUserShouldBeRedirectedToStudio(RegisterSteps.java:126)
	at ✽.the user should be redirected to the studio page(file:///home/sumit/Documents/GitHub/TTS-Website/e2e-tests/src/test/resources/features/login.feature:112)
]]></failure>
    <system-out><![CDATA[
@login @navigation @ui
Scenario: Already authenticated user is redirected away from login page                     &amp#27;[90m# src/test/resources/features/login.feature:109&amp#27;[0m
19:31:11.334 [main] INFO  com.voisetu.e2e.steps.Hooks — === STARTING UI SCENARIO: Already authenticated user is redirected away from login page ===
19:31:11.334 [main] INFO  c.voisetu.e2e.config.DriverFactory — Creating WebDriver: browser=chrome, headless=true
  &amp#27;[32mGiven &amp#27;[0m&amp#27;[32mthe browser is open and the application is running&amp#27;[0m                                  &amp#27;[90m# com.voisetu.e2e.steps.RegisterSteps.theBrowserIsOpenAndRunning()&amp#27;[0m
19:31:11.877 [main] INFO  com.voisetu.e2e.utils.ApiHelper — User already exists, continuing: login_test@example.com
  &amp#27;[32mAnd &amp#27;[0m&amp#27;[32ma registered user exists with email &amp#27;[0m&amp#27;[32m&amp#27;[1m"login_test@example.com"&amp#27;[0m&amp#27;[32m and password &amp#27;[0m&amp#27;[32m&amp#27;[1m"Test@1234"&amp#27;[0m &amp#27;[90m# com.voisetu.e2e.steps.LoginSteps.aRegisteredUserExists(java.lang.String,java.lang.String)&amp#27;[0m
  &amp#27;[32mAnd &amp#27;[0m&amp#27;[32mthe user navigates to the login page&amp#27;[0m                                                  &amp#27;[90m# com.voisetu.e2e.steps.LoginSteps.theUserNavigatesToLoginPage()&amp#27;[0m
19:31:12.360 [main] INFO  com.voisetu.e2e.utils.ApiHelper — User already exists, continuing: login_test@example.com
  &amp#27;[32mGiven &amp#27;[0m&amp#27;[32mthe user is already logged in as &amp#27;[0m&amp#27;[32m&amp#27;[1m"login_test@example.com"&amp#27;[0m&amp#27;[32m with password &amp#27;[0m&amp#27;[32m&amp#27;[1m"Test@1234"&amp#27;[0m &amp#27;[90m# com.voisetu.e2e.steps.LoginSteps.theUserIsAlreadyLoggedIn(java.lang.String,java.lang.String)&amp#27;[0m
  &amp#27;[32mWhen &amp#27;[0m&amp#27;[32mthe user tries to navigate to the login page directly&amp#27;[0m                                &amp#27;[90m# com.voisetu.e2e.steps.LoginSteps.theUserTriesToNavigateToLoginDirectly()&amp#27;[0m
  &amp#27;[31mThen &amp#27;[0m&amp#27;[31mthe user should be redirected to the studio page&amp#27;[0m                                     &amp#27;[90m# com.voisetu.e2e.steps.RegisterSteps.theUserShouldBeRedirectedToStudio()&amp#27;[0m
      &amp#27;[31morg.openqa.selenium.TimeoutException: Expected condition failed: waiting for url to contain "/studio". Current url: "http://localhost:4200/login" (tried for 15 second(s) with 500 milliseconds interval)
Build info: version: '4.21.0', revision: '79ed462ef4'
System info: os.name: 'Linux', os.arch: 'amd64', os.version: '7.0.0-30-generic', java.version: '17.0.20'
Driver info: org.openqa.selenium.chrome.ChromeDriver
Capabilities {acceptInsecureCerts: false, browserName: chrome, browserVersion: 152.0.7977.64, chrome: {chromedriverVersion: 152.0.7977.64 (506c834eccea..., userDataDir: /tmp/org.chromium.Chromium....}, fedcm:accounts: true, goog:chromeOptions: {debuggerAddress: localhost:33729}, goog:processID: 19168, networkConnectionEnabled: false, pageLoadStrategy: normal, platformName: linux, proxy: Proxy(), se:cdp: ws://localhost:33729/devtoo..., se:cdpVersion: 152.0.7977.64, setWindowRect: true, strictFileInteractability: false, timeouts: {implicit: 0, pageLoad: 300000, script: 30000}, unhandledPromptBehavior: dismiss and notify, webauthn:extension:credBlob: true, webauthn:extension:largeBlob: true, webauthn:extension:minPinLength: true, webauthn:extension:prf: true, webauthn:virtualAuthenticators: true}
Session ID: 3ab53112b1a3d9be155310aa4a95f6d2
	at org.openqa.selenium.support.ui.WebDriverWait.timeoutException(WebDriverWait.java:84)
	at org.openqa.selenium.support.ui.FluentWait.until(FluentWait.java:228)
	at com.voisetu.e2e.utils.WebDriverUtils.waitForUrlContaining(WebDriverUtils.java:44)
	at com.voisetu.e2e.steps.RegisterSteps.theUserShouldBeRedirectedToStudio(RegisterSteps.java:126)
	at ✽.the user should be redirected to the studio page(file:///home/sumit/Documents/GitHub/TTS-Website/e2e-tests/src/test/resources/features/login.feature:112)
&amp#27;[0m
19:31:28.633 [main] WARN  com.voisetu.e2e.steps.Hooks — Scenario FAILED: Already authenticated user is redirected away from login page — capturing screenshot.

    Embedding failure-screenshot [image/png 132074 bytes]

19:31:28.733 [main] INFO  com.voisetu.e2e.steps.Hooks — === FINISHED UI SCENARIO: Already authenticated user is redirected away from login page — FAILED ===
]]></system-out>
    <system-err><![CDATA[Aug 30, 2026 7:31:11 PM org.openqa.selenium.devtools.CdpVersionFinder findNearestMatch
WARNING: Unable to find CDP implementation matching 152
Aug 30, 2026 7:31:11 PM org.openqa.selenium.chromium.ChromiumDriver lambda$new$5
WARNING: Unable to find version of CDP to use for 152.0.7977.64. You may need to include a dependency on a specific version of the CDP using something similar to `org.seleniumhq.selenium:selenium-devtools-v86:4.21.0` where the version ("v86") matches the version of the chromium-based browser you're using and the version number of the artifact is the same as Selenium's.
]]></system-err>
  </testcase>
  <testcase name="runScenario[&quot;User can logout and JWT is cleared from localStorage&quot;, &quot;User Login&quot;](11)" classname="com.voisetu.e2e.runner.AuthUITestRunner" time="13.016">
    <system-out><![CDATA[
@login @auth @ui
Scenario: User can logout and JWT is cleared from localStorage                              &amp#27;[90m# src/test/resources/features/login.feature:119&amp#27;[0m
19:31:28.820 [main] INFO  com.voisetu.e2e.steps.Hooks — === STARTING UI SCENARIO: User can logout and JWT is cleared from localStorage ===
19:31:28.821 [main] INFO  c.voisetu.e2e.config.DriverFactory — Creating WebDriver: browser=chrome, headless=true
  &amp#27;[32mGiven &amp#27;[0m&amp#27;[32mthe browser is open and the application is running&amp#27;[0m                                  &amp#27;[90m# com.voisetu.e2e.steps.RegisterSteps.theBrowserIsOpenAndRunning()&amp#27;[0m
19:31:29.389 [main] INFO  com.voisetu.e2e.utils.ApiHelper — User already exists, continuing: login_test@example.com
  &amp#27;[32mAnd &amp#27;[0m&amp#27;[32ma registered user exists with email &amp#27;[0m&amp#27;[32m&amp#27;[1m"login_test@example.com"&amp#27;[0m&amp#27;[32m and password &amp#27;[0m&amp#27;[32m&amp#27;[1m"Test@1234"&amp#27;[0m &amp#27;[90m# com.voisetu.e2e.steps.LoginSteps.aRegisteredUserExists(java.lang.String,java.lang.String)&amp#27;[0m
  &amp#27;[32mAnd &amp#27;[0m&amp#27;[32mthe user navigates to the login page&amp#27;[0m                                                  &amp#27;[90m# com.voisetu.e2e.steps.LoginSteps.theUserNavigatesToLoginPage()&amp#27;[0m
19:31:29.953 [main] INFO  com.voisetu.e2e.utils.ApiHelper — User already exists, continuing: login_test@example.com
  &amp#27;[32mGiven &amp#27;[0m&amp#27;[32mthe user is already logged in as &amp#27;[0m&amp#27;[32m&amp#27;[1m"login_test@example.com"&amp#27;[0m&amp#27;[32m with password &amp#27;[0m&amp#27;[32m&amp#27;[1m"Test@1234"&amp#27;[0m &amp#27;[90m# com.voisetu.e2e.steps.LoginSteps.theUserIsAlreadyLoggedIn(java.lang.String,java.lang.String)&amp#27;[0m
  &amp#27;[32mWhen &amp#27;[0m&amp#27;[32mthe user logs out&amp#27;[0m                                                                    &amp#27;[90m# com.voisetu.e2e.steps.LoginSteps.theUserLogsOut()&amp#27;[0m
  &amp#27;[32mThen &amp#27;[0m&amp#27;[32mthe JWT token should be removed from localStorage&amp#27;[0m                                    &amp#27;[90m# com.voisetu.e2e.steps.LoginSteps.theJwtTokenShouldBeRemovedFromLocalStorage()&amp#27;[0m
  &amp#27;[32mAnd &amp#27;[0m&amp#27;[32mthe user should be on the login page&amp#27;[0m                                                  &amp#27;[90m# com.voisetu.e2e.steps.CommonSteps.theUserShouldBeOnLoginPage()&amp#27;[0m
19:31:41.754 [main] INFO  com.voisetu.e2e.steps.Hooks — === FINISHED UI SCENARIO: User can logout and JWT is cleared from localStorage — PASSED ===
]]></system-out>
    <system-err><![CDATA[Aug 30, 2026 7:31:29 PM org.openqa.selenium.devtools.CdpVersionFinder findNearestMatch
WARNING: Unable to find CDP implementation matching 152
Aug 30, 2026 7:31:29 PM org.openqa.selenium.chromium.ChromiumDriver lambda$new$5
WARNING: Unable to find version of CDP to use for 152.0.7977.64. You may need to include a dependency on a specific version of the CDP using something similar to `org.seleniumhq.selenium:selenium-devtools-v86:4.21.0` where the version ("v86") matches the version of the chromium-based browser you're using and the version number of the artifact is the same as Selenium's.
]]></system-err>
  </testcase>
  <testcase name="runScenario[&quot;Successful user registration with valid data&quot;, &quot;User Registration&quot;](12)" classname="com.voisetu.e2e.runner.AuthUITestRunner" time="2.755">
    <failure message="element click intercepted: Element is not clickable at point (579, 523)&#10;  (Session info: chrome=152.0.7977.64)&#10;Build info: version: &apos;4.21.0&apos;, revision: &apos;79ed462ef4&apos;&#10;System info: os.name: &apos;Linux&apos;, os.arch: &apos;amd64&apos;, os.version: &apos;7.0.0-30-generic&apos;, java.version: &apos;17.0.20&apos;&#10;Driver info: org.openqa.selenium.chrome.ChromeDriver&#10;Command: [177f3174ca60196de8b1cbf744bc7cec, clickElement {id=f.6F0DCE6E6E7EF9080FD7CB733839A267.d.0C10FFC65CA8FCC42B811B8C4791F2F7.e.9}]&#10;Capabilities {acceptInsecureCerts: false, browserName: chrome, browserVersion: 152.0.7977.64, chrome: {chromedriverVersion: 152.0.7977.64 (506c834eccea..., userDataDir: /tmp/org.chromium.Chromium....}, fedcm:accounts: true, goog:chromeOptions: {debuggerAddress: localhost:46573}, goog:processID: 19830, networkConnectionEnabled: false, pageLoadStrategy: normal, platformName: linux, proxy: Proxy(), se:cdp: ws://localhost:46573/devtoo..., se:cdpVersion: 152.0.7977.64, setWindowRect: true, strictFileInteractability: false, timeouts: {implicit: 0, pageLoad: 300000, script: 30000}, unhandledPromptBehavior: dismiss and notify, webauthn:extension:credBlob: true, webauthn:extension:largeBlob: true, webauthn:extension:minPinLength: true, webauthn:extension:prf: true, webauthn:virtualAuthenticators: true}&#10;Element: [[ChromeDriver: chrome on linux (177f3174ca60196de8b1cbf744bc7cec)] -&gt; id: btn-signup-submit]&#10;Session ID: 177f3174ca60196de8b1cbf744bc7cec" type="org.openqa.selenium.ElementClickInterceptedException"><![CDATA[org.openqa.selenium.ElementClickInterceptedException: 
element click intercepted: Element is not clickable at point (579, 523)
  (Session info: chrome=152.0.7977.64)
Build info: version: '4.21.0', revision: '79ed462ef4'
System info: os.name: 'Linux', os.arch: 'amd64', os.version: '7.0.0-30-generic', java.version: '17.0.20'
Driver info: org.openqa.selenium.chrome.ChromeDriver
Command: [177f3174ca60196de8b1cbf744bc7cec, clickElement {id=f.6F0DCE6E6E7EF9080FD7CB733839A267.d.0C10FFC65CA8FCC42B811B8C4791F2F7.e.9}]
Capabilities {acceptInsecureCerts: false, browserName: chrome, browserVersion: 152.0.7977.64, chrome: {chromedriverVersion: 152.0.7977.64 (506c834eccea..., userDataDir: /tmp/org.chromium.Chromium....}, fedcm:accounts: true, goog:chromeOptions: {debuggerAddress: localhost:46573}, goog:processID: 19830, networkConnectionEnabled: false, pageLoadStrategy: normal, platformName: linux, proxy: Proxy(), se:cdp: ws://localhost:46573/devtoo..., se:cdpVersion: 152.0.7977.64, setWindowRect: true, strictFileInteractability: false, timeouts: {implicit: 0, pageLoad: 300000, script: 30000}, unhandledPromptBehavior: dismiss and notify, webauthn:extension:credBlob: true, webauthn:extension:largeBlob: true, webauthn:extension:minPinLength: true, webauthn:extension:prf: true, webauthn:virtualAuthenticators: true}
Element: [[ChromeDriver: chrome on linux (177f3174ca60196de8b1cbf744bc7cec)] -> id: btn-signup-submit]
Session ID: 177f3174ca60196de8b1cbf744bc7cec
	at java.base/jdk.internal.reflect.NativeConstructorAccessorImpl.newInstance0(Native Method)
	at java.base/jdk.internal.reflect.NativeConstructorAccessorImpl.newInstance(NativeConstructorAccessorImpl.java:77)
	at java.base/jdk.internal.reflect.DelegatingConstructorAccessorImpl.newInstance(DelegatingConstructorAccessorImpl.java:45)
	at java.base/java.lang.reflect.Constructor.newInstanceWithCaller(Constructor.java:500)
	at java.base/java.lang.reflect.Constructor.newInstance(Constructor.java:481)
	at org.openqa.selenium.remote.ErrorCodec.decode(ErrorCodec.java:167)
	at org.openqa.selenium.remote.codec.w3c.W3CHttpResponseCodec.decode(W3CHttpResponseCodec.java:138)
	at org.openqa.selenium.remote.codec.w3c.W3CHttpResponseCodec.decode(W3CHttpResponseCodec.java:50)
	at org.openqa.selenium.remote.HttpCommandExecutor.execute(HttpCommandExecutor.java:190)
	at org.openqa.selenium.remote.service.DriverCommandExecutor.invokeExecute(DriverCommandExecutor.java:216)
	at org.openqa.selenium.remote.service.DriverCommandExecutor.execute(DriverCommandExecutor.java:174)
	at org.openqa.selenium.remote.RemoteWebDriver.execute(RemoteWebDriver.java:518)
	at org.openqa.selenium.remote.RemoteWebElement.execute(RemoteWebElement.java:223)
	at org.openqa.selenium.remote.RemoteWebElement.click(RemoteWebElement.java:76)
	at java.base/jdk.internal.reflect.NativeMethodAccessorImpl.invoke0(Native Method)
	at java.base/jdk.internal.reflect.NativeMethodAccessorImpl.invoke(NativeMethodAccessorImpl.java:77)
	at java.base/jdk.internal.reflect.DelegatingMethodAccessorImpl.invoke(DelegatingMethodAccessorImpl.java:43)
	at java.base/java.lang.reflect.Method.invoke(Method.java:569)
	at org.openqa.selenium.support.pagefactory.internal.LocatingElementHandler.invoke(LocatingElementHandler.java:51)
	at jdk.proxy2/jdk.proxy2.$Proxy25.click(Unknown Source)
	at com.voisetu.e2e.pages.SignupPage.clickSubmit(SignupPage.java:117)
	at com.voisetu.e2e.steps.RegisterSteps.theUserClicksRegisterButton(RegisterSteps.java:100)
	at ✽.the user clicks the register button(file:///home/sumit/Documents/GitHub/TTS-Website/e2e-tests/src/test/resources/features/register.feature:31)
]]></failure>
    <system-out><![CDATA[
@smoke @register @ui
Scenario: Successful user registration with valid data     &amp#27;[90m# src/test/resources/features/register.feature:27&amp#27;[0m
19:31:41.838 [main] INFO  com.voisetu.e2e.steps.Hooks — === STARTING UI SCENARIO: Successful user registration with valid data ===
19:31:41.838 [main] INFO  c.voisetu.e2e.config.DriverFactory — Creating WebDriver: browser=chrome, headless=true
  &amp#27;[32mGiven &amp#27;[0m&amp#27;[32mthe browser is open and the application is running&amp#27;[0m &amp#27;[90m# com.voisetu.e2e.steps.RegisterSteps.theBrowserIsOpenAndRunning()&amp#27;[0m
  &amp#27;[32mAnd &amp#27;[0m&amp#27;[32mthe user navigates to the signup page&amp#27;[0m                &amp#27;[90m# com.voisetu.e2e.steps.RegisterSteps.theUserNavigatesToSignupPage()&amp#27;[0m
  &amp#27;[32mWhen &amp#27;[0m&amp#27;[32mthe user enters display name &amp#27;[0m&amp#27;[32m&amp#27;[1m"Test User"&amp#27;[0m            &amp#27;[90m# com.voisetu.e2e.steps.RegisterSteps.theUserEntersDisplayName(java.lang.String)&amp#27;[0m
  &amp#27;[32mAnd &amp#27;[0m&amp#27;[32mthe user enters email &amp#27;[0m&amp#27;[32m&amp#27;[1m"testuser_unique@example.com"&amp#27;[0m  &amp#27;[90m# com.voisetu.e2e.steps.RegisterSteps.theUserEntersEmail(java.lang.String)&amp#27;[0m
  &amp#27;[32mAnd &amp#27;[0m&amp#27;[32mthe user enters password &amp#27;[0m&amp#27;[32m&amp#27;[1m"Test@1234"&amp#27;[0m                 &amp#27;[90m# com.voisetu.e2e.steps.RegisterSteps.theUserEntersPassword(java.lang.String)&amp#27;[0m
  &amp#27;[31mAnd &amp#27;[0m&amp#27;[31mthe user clicks the register button&amp#27;[0m                  &amp#27;[90m# com.voisetu.e2e.steps.RegisterSteps.theUserClicksRegisterButton()&amp#27;[0m
      &amp#27;[31morg.openqa.selenium.ElementClickInterceptedException: element click intercepted: Element is not clickable at point (579, 523)
  (Session info: chrome=152.0.7977.64)
Build info: version: '4.21.0', revision: '79ed462ef4'
System info: os.name: 'Linux', os.arch: 'amd64', os.version: '7.0.0-30-generic', java.version: '17.0.20'
Driver info: org.openqa.selenium.chrome.ChromeDriver
Command: [177f3174ca60196de8b1cbf744bc7cec, clickElement {id=f.6F0DCE6E6E7EF9080FD7CB733839A267.d.0C10FFC65CA8FCC42B811B8C4791F2F7.e.9}]
Capabilities {acceptInsecureCerts: false, browserName: chrome, browserVersion: 152.0.7977.64, chrome: {chromedriverVersion: 152.0.7977.64 (506c834eccea..., userDataDir: /tmp/org.chromium.Chromium....}, fedcm:accounts: true, goog:chromeOptions: {debuggerAddress: localhost:46573}, goog:processID: 19830, networkConnectionEnabled: false, pageLoadStrategy: normal, platformName: linux, proxy: Proxy(), se:cdp: ws://localhost:46573/devtoo..., se:cdpVersion: 152.0.7977.64, setWindowRect: true, strictFileInteractability: false, timeouts: {implicit: 0, pageLoad: 300000, script: 30000}, unhandledPromptBehavior: dismiss and notify, webauthn:extension:credBlob: true, webauthn:extension:largeBlob: true, webauthn:extension:minPinLength: true, webauthn:extension:prf: true, webauthn:virtualAuthenticators: true}
Element: [[ChromeDriver: chrome on linux (177f3174ca60196de8b1cbf744bc7cec)] -> id: btn-signup-submit]
Session ID: 177f3174ca60196de8b1cbf744bc7cec
	at java.base/jdk.internal.reflect.NativeConstructorAccessorImpl.newInstance0(Native Method)
	at java.base/jdk.internal.reflect.NativeConstructorAccessorImpl.newInstance(NativeConstructorAccessorImpl.java:77)
	at java.base/jdk.internal.reflect.DelegatingConstructorAccessorImpl.newInstance(DelegatingConstructorAccessorImpl.java:45)
	at java.base/java.lang.reflect.Constructor.newInstanceWithCaller(Constructor.java:500)
	at java.base/java.lang.reflect.Constructor.newInstance(Constructor.java:481)
	at org.openqa.selenium.remote.ErrorCodec.decode(ErrorCodec.java:167)
	at org.openqa.selenium.remote.codec.w3c.W3CHttpResponseCodec.decode(W3CHttpResponseCodec.java:138)
	at org.openqa.selenium.remote.codec.w3c.W3CHttpResponseCodec.decode(W3CHttpResponseCodec.java:50)
	at org.openqa.selenium.remote.HttpCommandExecutor.execute(HttpCommandExecutor.java:190)
	at org.openqa.selenium.remote.service.DriverCommandExecutor.invokeExecute(DriverCommandExecutor.java:216)
	at org.openqa.selenium.remote.service.DriverCommandExecutor.execute(DriverCommandExecutor.java:174)
	at org.openqa.selenium.remote.RemoteWebDriver.execute(RemoteWebDriver.java:518)
	at org.openqa.selenium.remote.RemoteWebElement.execute(RemoteWebElement.java:223)
	at org.openqa.selenium.remote.RemoteWebElement.click(RemoteWebElement.java:76)
	at java.base/jdk.internal.reflect.NativeMethodAccessorImpl.invoke0(Native Method)
	at java.base/jdk.internal.reflect.NativeMethodAccessorImpl.invoke(NativeMethodAccessorImpl.java:77)
	at java.base/jdk.internal.reflect.DelegatingMethodAccessorImpl.invoke(DelegatingMethodAccessorImpl.java:43)
	at java.base/java.lang.reflect.Method.invoke(Method.java:569)
	at org.openqa.selenium.support.pagefactory.internal.LocatingElementHandler.invoke(LocatingElementHandler.java:51)
	at jdk.proxy2/jdk.proxy2.$Proxy25.click(Unknown Source)
	at com.voisetu.e2e.pages.SignupPage.clickSubmit(SignupPage.java:117)
	at com.voisetu.e2e.steps.RegisterSteps.theUserClicksRegisterButton(RegisterSteps.java:100)
	at ✽.the user clicks the register button(file:///home/sumit/Documents/GitHub/TTS-Website/e2e-tests/src/test/resources/features/register.feature:31)
&amp#27;[0m
  &amp#27;[36mThen &amp#27;[0m&amp#27;[36mthe user should be redirected to the studio page&amp#27;[0m    &amp#27;[90m# com.voisetu.e2e.steps.RegisterSteps.theUserShouldBeRedirectedToStudio()&amp#27;[0m
  &amp#27;[36mAnd &amp#27;[0m&amp#27;[36ma valid JWT token should be stored in localStorage&amp#27;[0m   &amp#27;[90m# com.voisetu.e2e.steps.RegisterSteps.aValidJwtShouldBeInLocalStorage()&amp#27;[0m
19:31:44.430 [main] WARN  com.voisetu.e2e.steps.Hooks — Scenario FAILED: Successful user registration with valid data — capturing screenshot.

    Embedding failure-screenshot [image/png 132281 bytes]

19:31:44.510 [main] INFO  com.voisetu.e2e.steps.Hooks — === FINISHED UI SCENARIO: Successful user registration with valid data — FAILED ===
]]></system-out>
    <system-err><![CDATA[Aug 30, 2026 7:31:42 PM org.openqa.selenium.devtools.CdpVersionFinder findNearestMatch
WARNING: Unable to find CDP implementation matching 152
Aug 30, 2026 7:31:42 PM org.openqa.selenium.chromium.ChromiumDriver lambda$new$5
WARNING: Unable to find version of CDP to use for 152.0.7977.64. You may need to include a dependency on a specific version of the CDP using something similar to `org.seleniumhq.selenium:selenium-devtools-v86:4.21.0` where the version ("v86") matches the version of the chromium-based browser you're using and the version number of the artifact is the same as Selenium's.
]]></system-err>
  </testcase>
  <testcase name="runScenario[&quot;Successful registration with various valid names&quot;, &quot;User Registration&quot;](13)" classname="com.voisetu.e2e.runner.AuthUITestRunner" time="2.655">
    <failure message="element click intercepted: Element is not clickable at point (579, 523)&#10;  (Session info: chrome=152.0.7977.64)&#10;Build info: version: &apos;4.21.0&apos;, revision: &apos;79ed462ef4&apos;&#10;System info: os.name: &apos;Linux&apos;, os.arch: &apos;amd64&apos;, os.version: &apos;7.0.0-30-generic&apos;, java.version: &apos;17.0.20&apos;&#10;Driver info: org.openqa.selenium.chrome.ChromeDriver&#10;Command: [3ea523f8282807853b1e82d9b8ffc1f6, clickElement {id=f.D3C49A4A06222775D194E50BF978AC0C.d.2D4D9CEA5667159B0730A7194632BF91.e.9}]&#10;Capabilities {acceptInsecureCerts: false, browserName: chrome, browserVersion: 152.0.7977.64, chrome: {chromedriverVersion: 152.0.7977.64 (506c834eccea..., userDataDir: /tmp/org.chromium.Chromium....}, fedcm:accounts: true, goog:chromeOptions: {debuggerAddress: localhost:45249}, goog:processID: 20015, networkConnectionEnabled: false, pageLoadStrategy: normal, platformName: linux, proxy: Proxy(), se:cdp: ws://localhost:45249/devtoo..., se:cdpVersion: 152.0.7977.64, setWindowRect: true, strictFileInteractability: false, timeouts: {implicit: 0, pageLoad: 300000, script: 30000}, unhandledPromptBehavior: dismiss and notify, webauthn:extension:credBlob: true, webauthn:extension:largeBlob: true, webauthn:extension:minPinLength: true, webauthn:extension:prf: true, webauthn:virtualAuthenticators: true}&#10;Element: [[ChromeDriver: chrome on linux (3ea523f8282807853b1e82d9b8ffc1f6)] -&gt; id: btn-signup-submit]&#10;Session ID: 3ea523f8282807853b1e82d9b8ffc1f6" type="org.openqa.selenium.ElementClickInterceptedException"><![CDATA[org.openqa.selenium.ElementClickInterceptedException: 
element click intercepted: Element is not clickable at point (579, 523)
  (Session info: chrome=152.0.7977.64)
Build info: version: '4.21.0', revision: '79ed462ef4'
System info: os.name: 'Linux', os.arch: 'amd64', os.version: '7.0.0-30-generic', java.version: '17.0.20'
Driver info: org.openqa.selenium.chrome.ChromeDriver
Command: [3ea523f8282807853b1e82d9b8ffc1f6, clickElement {id=f.D3C49A4A06222775D194E50BF978AC0C.d.2D4D9CEA5667159B0730A7194632BF91.e.9}]
Capabilities {acceptInsecureCerts: false, browserName: chrome, browserVersion: 152.0.7977.64, chrome: {chromedriverVersion: 152.0.7977.64 (506c834eccea..., userDataDir: /tmp/org.chromium.Chromium....}, fedcm:accounts: true, goog:chromeOptions: {debuggerAddress: localhost:45249}, goog:processID: 20015, networkConnectionEnabled: false, pageLoadStrategy: normal, platformName: linux, proxy: Proxy(), se:cdp: ws://localhost:45249/devtoo..., se:cdpVersion: 152.0.7977.64, setWindowRect: true, strictFileInteractability: false, timeouts: {implicit: 0, pageLoad: 300000, script: 30000}, unhandledPromptBehavior: dismiss and notify, webauthn:extension:credBlob: true, webauthn:extension:largeBlob: true, webauthn:extension:minPinLength: true, webauthn:extension:prf: true, webauthn:virtualAuthenticators: true}
Element: [[ChromeDriver: chrome on linux (3ea523f8282807853b1e82d9b8ffc1f6)] -> id: btn-signup-submit]
Session ID: 3ea523f8282807853b1e82d9b8ffc1f6
	at java.base/jdk.internal.reflect.NativeConstructorAccessorImpl.newInstance0(Native Method)
	at java.base/jdk.internal.reflect.NativeConstructorAccessorImpl.newInstance(NativeConstructorAccessorImpl.java:77)
	at java.base/jdk.internal.reflect.DelegatingConstructorAccessorImpl.newInstance(DelegatingConstructorAccessorImpl.java:45)
	at java.base/java.lang.reflect.Constructor.newInstanceWithCaller(Constructor.java:500)
	at java.base/java.lang.reflect.Constructor.newInstance(Constructor.java:481)
	at org.openqa.selenium.remote.ErrorCodec.decode(ErrorCodec.java:167)
	at org.openqa.selenium.remote.codec.w3c.W3CHttpResponseCodec.decode(W3CHttpResponseCodec.java:138)
	at org.openqa.selenium.remote.codec.w3c.W3CHttpResponseCodec.decode(W3CHttpResponseCodec.java:50)
	at org.openqa.selenium.remote.HttpCommandExecutor.execute(HttpCommandExecutor.java:190)
	at org.openqa.selenium.remote.service.DriverCommandExecutor.invokeExecute(DriverCommandExecutor.java:216)
	at org.openqa.selenium.remote.service.DriverCommandExecutor.execute(DriverCommandExecutor.java:174)
	at org.openqa.selenium.remote.RemoteWebDriver.execute(RemoteWebDriver.java:518)
	at org.openqa.selenium.remote.RemoteWebElement.execute(RemoteWebElement.java:223)
	at org.openqa.selenium.remote.RemoteWebElement.click(RemoteWebElement.java:76)
	at java.base/jdk.internal.reflect.NativeMethodAccessorImpl.invoke0(Native Method)
	at java.base/jdk.internal.reflect.NativeMethodAccessorImpl.invoke(NativeMethodAccessorImpl.java:77)
	at java.base/jdk.internal.reflect.DelegatingMethodAccessorImpl.invoke(DelegatingMethodAccessorImpl.java:43)
	at java.base/java.lang.reflect.Method.invoke(Method.java:569)
	at org.openqa.selenium.support.pagefactory.internal.LocatingElementHandler.invoke(LocatingElementHandler.java:51)
	at jdk.proxy2/jdk.proxy2.$Proxy25.click(Unknown Source)
	at com.voisetu.e2e.pages.SignupPage.clickSubmit(SignupPage.java:117)
	at com.voisetu.e2e.steps.RegisterSteps.theUserClicksRegisterButton(RegisterSteps.java:100)
	at ✽.the user clicks the register button(file:///home/sumit/Documents/GitHub/TTS-Website/e2e-tests/src/test/resources/features/register.feature:40)
]]></failure>
    <system-out><![CDATA[
@register @ui
Scenario Outline: Successful registration with various valid names &amp#27;[90m# src/test/resources/features/register.feature:45&amp#27;[0m
19:31:44.592 [main] INFO  com.voisetu.e2e.steps.Hooks — === STARTING UI SCENARIO: Successful registration with various valid names ===
19:31:44.593 [main] INFO  c.voisetu.e2e.config.DriverFactory — Creating WebDriver: browser=chrome, headless=true
  &amp#27;[32mGiven &amp#27;[0m&amp#27;[32mthe browser is open and the application is running&amp#27;[0m         &amp#27;[90m# com.voisetu.e2e.steps.RegisterSteps.theBrowserIsOpenAndRunning()&amp#27;[0m
  &amp#27;[32mAnd &amp#27;[0m&amp#27;[32mthe user navigates to the signup page&amp#27;[0m                        &amp#27;[90m# com.voisetu.e2e.steps.RegisterSteps.theUserNavigatesToSignupPage()&amp#27;[0m
  &amp#27;[32mWhen &amp#27;[0m&amp#27;[32mthe user enters display name &amp#27;[0m&amp#27;[32m&amp#27;[1m"Aarav"&amp#27;[0m                        &amp#27;[90m# com.voisetu.e2e.steps.RegisterSteps.theUserEntersDisplayName(java.lang.String)&amp#27;[0m
  &amp#27;[32mAnd &amp#27;[0m&amp#27;[32mthe user enters email &amp#27;[0m&amp#27;[32m&amp#27;[1m"aarav_test@words2voice.test"&amp#27;[0m          &amp#27;[90m# com.voisetu.e2e.steps.RegisterSteps.theUserEntersEmail(java.lang.String)&amp#27;[0m
  &amp#27;[32mAnd &amp#27;[0m&amp#27;[32mthe user enters password &amp#27;[0m&amp#27;[32m&amp#27;[1m"Secure@99"&amp#27;[0m                         &amp#27;[90m# com.voisetu.e2e.steps.RegisterSteps.theUserEntersPassword(java.lang.String)&amp#27;[0m
  &amp#27;[31mAnd &amp#27;[0m&amp#27;[31mthe user clicks the register button&amp#27;[0m                          &amp#27;[90m# com.voisetu.e2e.steps.RegisterSteps.theUserClicksRegisterButton()&amp#27;[0m
      &amp#27;[31morg.openqa.selenium.ElementClickInterceptedException: element click intercepted: Element is not clickable at point (579, 523)
  (Session info: chrome=152.0.7977.64)
Build info: version: '4.21.0', revision: '79ed462ef4'
System info: os.name: 'Linux', os.arch: 'amd64', os.version: '7.0.0-30-generic', java.version: '17.0.20'
Driver info: org.openqa.selenium.chrome.ChromeDriver
Command: [3ea523f8282807853b1e82d9b8ffc1f6, clickElement {id=f.D3C49A4A06222775D194E50BF978AC0C.d.2D4D9CEA5667159B0730A7194632BF91.e.9}]
Capabilities {acceptInsecureCerts: false, browserName: chrome, browserVersion: 152.0.7977.64, chrome: {chromedriverVersion: 152.0.7977.64 (506c834eccea..., userDataDir: /tmp/org.chromium.Chromium....}, fedcm:accounts: true, goog:chromeOptions: {debuggerAddress: localhost:45249}, goog:processID: 20015, networkConnectionEnabled: false, pageLoadStrategy: normal, platformName: linux, proxy: Proxy(), se:cdp: ws://localhost:45249/devtoo..., se:cdpVersion: 152.0.7977.64, setWindowRect: true, strictFileInteractability: false, timeouts: {implicit: 0, pageLoad: 300000, script: 30000}, unhandledPromptBehavior: dismiss and notify, webauthn:extension:credBlob: true, webauthn:extension:largeBlob: true, webauthn:extension:minPinLength: true, webauthn:extension:prf: true, webauthn:virtualAuthenticators: true}
Element: [[ChromeDriver: chrome on linux (3ea523f8282807853b1e82d9b8ffc1f6)] -> id: btn-signup-submit]
Session ID: 3ea523f8282807853b1e82d9b8ffc1f6
	at java.base/jdk.internal.reflect.NativeConstructorAccessorImpl.newInstance0(Native Method)
	at java.base/jdk.internal.reflect.NativeConstructorAccessorImpl.newInstance(NativeConstructorAccessorImpl.java:77)
	at java.base/jdk.internal.reflect.DelegatingConstructorAccessorImpl.newInstance(DelegatingConstructorAccessorImpl.java:45)
	at java.base/java.lang.reflect.Constructor.newInstanceWithCaller(Constructor.java:500)
	at java.base/java.lang.reflect.Constructor.newInstance(Constructor.java:481)
	at org.openqa.selenium.remote.ErrorCodec.decode(ErrorCodec.java:167)
	at org.openqa.selenium.remote.codec.w3c.W3CHttpResponseCodec.decode(W3CHttpResponseCodec.java:138)
	at org.openqa.selenium.remote.codec.w3c.W3CHttpResponseCodec.decode(W3CHttpResponseCodec.java:50)
	at org.openqa.selenium.remote.HttpCommandExecutor.execute(HttpCommandExecutor.java:190)
	at org.openqa.selenium.remote.service.DriverCommandExecutor.invokeExecute(DriverCommandExecutor.java:216)
	at org.openqa.selenium.remote.service.DriverCommandExecutor.execute(DriverCommandExecutor.java:174)
	at org.openqa.selenium.remote.RemoteWebDriver.execute(RemoteWebDriver.java:518)
	at org.openqa.selenium.remote.RemoteWebElement.execute(RemoteWebElement.java:223)
	at org.openqa.selenium.remote.RemoteWebElement.click(RemoteWebElement.java:76)
	at java.base/jdk.internal.reflect.NativeMethodAccessorImpl.invoke0(Native Method)
	at java.base/jdk.internal.reflect.NativeMethodAccessorImpl.invoke(NativeMethodAccessorImpl.java:77)
	at java.base/jdk.internal.reflect.DelegatingMethodAccessorImpl.invoke(DelegatingMethodAccessorImpl.java:43)
	at java.base/java.lang.reflect.Method.invoke(Method.java:569)
	at org.openqa.selenium.support.pagefactory.internal.LocatingElementHandler.invoke(LocatingElementHandler.java:51)
	at jdk.proxy2/jdk.proxy2.$Proxy25.click(Unknown Source)
	at com.voisetu.e2e.pages.SignupPage.clickSubmit(SignupPage.java:117)
	at com.voisetu.e2e.steps.RegisterSteps.theUserClicksRegisterButton(RegisterSteps.java:100)
	at ✽.the user clicks the register button(file:///home/sumit/Documents/GitHub/TTS-Website/e2e-tests/src/test/resources/features/register.feature:40)
&amp#27;[0m
  &amp#27;[36mThen &amp#27;[0m&amp#27;[36mthe user should be redirected to the studio page&amp#27;[0m            &amp#27;[90m# com.voisetu.e2e.steps.RegisterSteps.theUserShouldBeRedirectedToStudio()&amp#27;[0m
19:31:47.109 [main] WARN  com.voisetu.e2e.steps.Hooks — Scenario FAILED: Successful registration with various valid names — capturing screenshot.

    Embedding failure-screenshot [image/png 132208 bytes]

19:31:47.168 [main] INFO  com.voisetu.e2e.steps.Hooks — === FINISHED UI SCENARIO: Successful registration with various valid names — FAILED ===
]]></system-out>
    <system-err><![CDATA[Aug 30, 2026 7:31:45 PM org.openqa.selenium.devtools.CdpVersionFinder findNearestMatch
WARNING: Unable to find CDP implementation matching 152
[...]
19:32:36.182 [main] INFO  com.voisetu.e2e.steps.AuthApiSteps — POST /api/auth/login body: {
  "email":    "api_wrongpw@test.com",
  "password": "WrongPassword@1"
}
19:32:36.271 [main] INFO  com.voisetu.e2e.steps.AuthApiSteps — Response: 401 — {"code":"INVALID_CREDENTIALS","message":"Invalid email or password.","status":401,"timestamp":"2026-08-30T14:02:36.270083716Z"}
  &amp#27;[32mWhen &amp#27;[0m&amp#27;[32ma POST request is made to &amp#27;[0m&amp#27;[32m&amp#27;[1m"/api/auth/login"&amp#27;[0m&amp#27;[32m with body:&amp#27;[0m           &amp#27;[90m# com.voisetu.e2e.steps.AuthApiSteps.aPostRequestIsMadeTo(java.lang.String,java.lang.String)&amp#27;[0m
  &amp#27;[32mThen &amp#27;[0m&amp#27;[32mthe response status code should be &amp#27;[0m&amp#27;[32m&amp#27;[1m401&amp#27;[0m                           &amp#27;[90m# com.voisetu.e2e.steps.AuthApiSteps.theResponseStatusCodeShouldBe(int)&amp#27;[0m
  &amp#27;[32mAnd &amp#27;[0m&amp#27;[32mthe response body field &amp#27;[0m&amp#27;[32m&amp#27;[1m"code"&amp#27;[0m&amp#27;[32m should equal &amp#27;[0m&amp#27;[32m&amp#27;[1m"INVALID_CREDENTIALS"&amp#27;[0m &amp#27;[90m# com.voisetu.e2e.steps.AuthApiSteps.theResponseBodyFieldShouldEqual(java.lang.String,java.lang.String)&amp#27;[0m
19:32:36.279 [main] INFO  com.voisetu.e2e.steps.Hooks — === FINISHED API SCENARIO: API login returns 401 for wrong password — PASSED ===
]]></system-out>
  </testcase>
  <testcase name="runScenario[&quot;API login returns 401 for non-existent email&quot;, &quot;Auth REST API Contracts&quot;](11)" classname="com.voisetu.e2e.runner.AuthApiTestRunner" time="0.134">
    <system-out><![CDATA[
@api @login @validation
Scenario: API login returns 401 for non-existent email                  &amp#27;[90m# src/test/resources/features/auth_api.feature:113&amp#27;[0m
19:32:36.285 [main] INFO  com.voisetu.e2e.steps.Hooks — === STARTING API SCENARIO: API login returns 401 for non-existent email ===
19:32:36.286 [main] INFO  com.voisetu.e2e.steps.AuthApiSteps — API base URL: http://localhost:8080
  &amp#27;[32mGiven &amp#27;[0m&amp#27;[32mthe backend API is available at the configured base URL&amp#27;[0m         &amp#27;[90m# com.voisetu.e2e.steps.AuthApiSteps.theBackendApiIsAvailable()&amp#27;[0m
19:32:36.312 [main] INFO  com.voisetu.e2e.steps.AuthApiSteps — POST /api/auth/login body: {
  "email":    "nobody@notregistered.com",
  "password": "Test@1234"
}
19:32:36.406 [main] INFO  com.voisetu.e2e.steps.AuthApiSteps — Response: 401 — {"code":"INVALID_CREDENTIALS","message":"Invalid email or password.","status":401,"timestamp":"2026-08-30T14:02:36.404427595Z"}
  &amp#27;[32mWhen &amp#27;[0m&amp#27;[32ma POST request is made to &amp#27;[0m&amp#27;[32m&amp#27;[1m"/api/auth/login"&amp#27;[0m&amp#27;[32m with body:&amp#27;[0m           &amp#27;[90m# com.voisetu.e2e.steps.AuthApiSteps.aPostRequestIsMadeTo(java.lang.String,java.lang.String)&amp#27;[0m
  &amp#27;[32mThen &amp#27;[0m&amp#27;[32mthe response status code should be &amp#27;[0m&amp#27;[32m&amp#27;[1m401&amp#27;[0m                           &amp#27;[90m# com.voisetu.e2e.steps.AuthApiSteps.theResponseStatusCodeShouldBe(int)&amp#27;[0m
  &amp#27;[32mAnd &amp#27;[0m&amp#27;[32mthe response body field &amp#27;[0m&amp#27;[32m&amp#27;[1m"code"&amp#27;[0m&amp#27;[32m should equal &amp#27;[0m&amp#27;[32m&amp#27;[1m"INVALID_CREDENTIALS"&amp#27;[0m &amp#27;[90m# com.voisetu.e2e.steps.AuthApiSteps.theResponseBodyFieldShouldEqual(java.lang.String,java.lang.String)&amp#27;[0m
19:32:36.415 [main] INFO  com.voisetu.e2e.steps.Hooks — === FINISHED API SCENARIO: API login returns 401 for non-existent email — PASSED ===
]]></system-out>
  </testcase>
  <testcase name="runScenario[&quot;API login returns 400 for missing fields&quot;, &quot;Auth REST API Contracts&quot;](12)" classname="com.voisetu.e2e.runner.AuthApiTestRunner" time="0.052">
    <system-out><![CDATA[
@api @login @validation
Scenario Outline: API login returns 400 for missing fields           &amp#27;[90m# src/test/resources/features/auth_api.feature:138&amp#27;[0m
19:32:36.420 [main] INFO  com.voisetu.e2e.steps.Hooks — === STARTING API SCENARIO: API login returns 400 for missing fields ===
19:32:36.420 [main] INFO  com.voisetu.e2e.steps.AuthApiSteps — API base URL: http://localhost:8080
  &amp#27;[32mGiven &amp#27;[0m&amp#27;[32mthe backend API is available at the configured base URL&amp#27;[0m      &amp#27;[90m# com.voisetu.e2e.steps.AuthApiSteps.theBackendApiIsAvailable()&amp#27;[0m
19:32:36.438 [main] INFO  com.voisetu.e2e.steps.AuthApiSteps — POST /api/auth/login body: {
  "email":    "",
  "password": "Test@1234"
}
19:32:36.455 [main] INFO  com.voisetu.e2e.steps.AuthApiSteps — Response: 400 — {"code":"VALIDATION_ERROR","details":{"email":"Email is required"},"message":"Request validation failed","status":400,"timestamp":"2026-08-30T14:02:36.451367038Z"}
  &amp#27;[32mWhen &amp#27;[0m&amp#27;[32ma POST request is made to &amp#27;[0m&amp#27;[32m&amp#27;[1m"/api/auth/login"&amp#27;[0m&amp#27;[32m with body:&amp#27;[0m        &amp#27;[90m# com.voisetu.e2e.steps.AuthApiSteps.aPostRequestIsMadeTo(java.lang.String,java.lang.String)&amp#27;[0m
  &amp#27;[32mThen &amp#27;[0m&amp#27;[32mthe response status code should be &amp#27;[0m&amp#27;[32m&amp#27;[1m400&amp#27;[0m                        &amp#27;[90m# com.voisetu.e2e.steps.AuthApiSteps.theResponseStatusCodeShouldBe(int)&amp#27;[0m
  &amp#27;[32mAnd &amp#27;[0m&amp#27;[32mthe response body field &amp#27;[0m&amp#27;[32m&amp#27;[1m"code"&amp#27;[0m&amp#27;[32m should equal &amp#27;[0m&amp#27;[32m&amp#27;[1m"VALIDATION_ERROR"&amp#27;[0m &amp#27;[90m# com.voisetu.e2e.steps.AuthApiSteps.theResponseBodyFieldShouldEqual(java.lang.String,java.lang.String)&amp#27;[0m
19:32:36.463 [main] INFO  com.voisetu.e2e.steps.Hooks — === FINISHED API SCENARIO: API login returns 400 for missing fields — PASSED ===
]]></system-out>
  </testcase>
  <testcase name="runScenario[&quot;API login returns 400 for missing fields&quot;, &quot;Auth REST API Contracts&quot;](13)" classname="com.voisetu.e2e.runner.AuthApiTestRunner" time="0.052">
    <system-out><![CDATA[
@api @login @validation
Scenario Outline: API login returns 400 for missing fields           &amp#27;[90m# src/test/resources/features/auth_api.feature:139&amp#27;[0m
19:32:36.470 [main] INFO  com.voisetu.e2e.steps.Hooks — === STARTING API SCENARIO: API login returns 400 for missing fields ===
19:32:36.471 [main] INFO  com.voisetu.e2e.steps.AuthApiSteps — API base URL: http://localhost:8080
  &amp#27;[32mGiven &amp#27;[0m&amp#27;[32mthe backend API is available at the configured base URL&amp#27;[0m      &amp#27;[90m# com.voisetu.e2e.steps.AuthApiSteps.theBackendApiIsAvailable()&amp#27;[0m
19:32:36.494 [main] INFO  com.voisetu.e2e.steps.AuthApiSteps — POST /api/auth/login body: {
  "email":    "valid@test.com",
  "password": ""
}
19:32:36.510 [main] INFO  com.voisetu.e2e.steps.AuthApiSteps — Response: 400 — {"code":"VALIDATION_ERROR","details":{"password":"Password is required"},"message":"Request validation failed","status":400,"timestamp":"2026-08-30T14:02:36.508489096Z"}
  &amp#27;[32mWhen &amp#27;[0m&amp#27;[32ma POST request is made to &amp#27;[0m&amp#27;[32m&amp#27;[1m"/api/auth/login"&amp#27;[0m&amp#27;[32m with body:&amp#27;[0m        &amp#27;[90m# com.voisetu.e2e.steps.AuthApiSteps.aPostRequestIsMadeTo(java.lang.String,java.lang.String)&amp#27;[0m
  &amp#27;[32mThen &amp#27;[0m&amp#27;[32mthe response status code should be &amp#27;[0m&amp#27;[32m&amp#27;[1m400&amp#27;[0m                        &amp#27;[90m# com.voisetu.e2e.steps.AuthApiSteps.theResponseStatusCodeShouldBe(int)&amp#27;[0m
  &amp#27;[32mAnd &amp#27;[0m&amp#27;[32mthe response body field &amp#27;[0m&amp#27;[32m&amp#27;[1m"code"&amp#27;[0m&amp#27;[32m should equal &amp#27;[0m&amp#27;[32m&amp#27;[1m"VALIDATION_ERROR"&amp#27;[0m &amp#27;[90m# com.voisetu.e2e.steps.AuthApiSteps.theResponseBodyFieldShouldEqual(java.lang.String,java.lang.String)&amp#27;[0m
19:32:36.521 [main] INFO  com.voisetu.e2e.steps.Hooks — === FINISHED API SCENARIO: API login returns 400 for missing fields — PASSED ===
]]></system-out>
  </testcase>
  <testcase name="runScenario[&quot;API login returns 400 for missing fields&quot;, &quot;Auth REST API Contracts&quot;](14)" classname="com.voisetu.e2e.runner.AuthApiTestRunner" time="0.048">
    <system-out><![CDATA[
@api @login @validation
Scenario Outline: API login returns 400 for missing fields           &amp#27;[90m# src/test/resources/features/auth_api.feature:140&amp#27;[0m
19:32:36.525 [main] INFO  com.voisetu.e2e.steps.Hooks — === STARTING API SCENARIO: API login returns 400 for missing fields ===
19:32:36.525 [main] INFO  com.voisetu.e2e.steps.AuthApiSteps — API base URL: http://localhost:8080
  &amp#27;[32mGiven &amp#27;[0m&amp#27;[32mthe backend API is available at the configured base URL&amp#27;[0m      &amp#27;[90m# com.voisetu.e2e.steps.AuthApiSteps.theBackendApiIsAvailable()&amp#27;[0m
19:32:36.544 [main] INFO  com.voisetu.e2e.steps.AuthApiSteps — POST /api/auth/login body: {
  "email":    "not-an-email",
  "password": "Test@1234"
}
19:32:36.558 [main] INFO  com.voisetu.e2e.steps.AuthApiSteps — Response: 400 — {"code":"VALIDATION_ERROR","details":{"email":"Please provide a valid email address"},"message":"Request validation failed","status":400,"timestamp":"2026-08-30T14:02:36.556847509Z"}
  &amp#27;[32mWhen &amp#27;[0m&amp#27;[32ma POST request is made to &amp#27;[0m&amp#27;[32m&amp#27;[1m"/api/auth/login"&amp#27;[0m&amp#27;[32m with body:&amp#27;[0m        &amp#27;[90m# com.voisetu.e2e.steps.AuthApiSteps.aPostRequestIsMadeTo(java.lang.String,java.lang.String)&amp#27;[0m
  &amp#27;[32mThen &amp#27;[0m&amp#27;[32mthe response status code should be &amp#27;[0m&amp#27;[32m&amp#27;[1m400&amp#27;[0m                        &amp#27;[90m# com.voisetu.e2e.steps.AuthApiSteps.theResponseStatusCodeShouldBe(int)&amp#27;[0m
  &amp#27;[32mAnd &amp#27;[0m&amp#27;[32mthe response body field &amp#27;[0m&amp#27;[32m&amp#27;[1m"code"&amp#27;[0m&amp#27;[32m should equal &amp#27;[0m&amp#27;[32m&amp#27;[1m"VALIDATION_ERROR"&amp#27;[0m &amp#27;[90m# com.voisetu.e2e.steps.AuthApiSteps.theResponseBodyFieldShouldEqual(java.lang.String,java.lang.String)&amp#27;[0m
19:32:36.569 [main] INFO  com.voisetu.e2e.steps.Hooks — === FINISHED API SCENARIO: API login returns 400 for missing fields — PASSED ===
]]></system-out>
  </testcase>
  <testcase name="runScenario[&quot;Registered JWT token grants access to protected endpoint&quot;, &quot;Auth REST API Contracts&quot;](15)" classname="com.voisetu.e2e.runner.AuthApiTestRunner" time="0.269">
    <system-out><![CDATA[
@api @login @token
Scenario: Registered JWT token grants access to protected endpoint            &amp#27;[90m# src/test/resources/features/auth_api.feature:147&amp#27;[0m
19:32:36.574 [main] INFO  com.voisetu.e2e.steps.Hooks — === STARTING API SCENARIO: Registered JWT token grants access to protected endpoint ===
19:32:36.574 [main] INFO  com.voisetu.e2e.steps.AuthApiSteps — API base URL: http://localhost:8080
  &amp#27;[32mGiven &amp#27;[0m&amp#27;[32mthe backend API is available at the configured base URL&amp#27;[0m               &amp#27;[90m# com.voisetu.e2e.steps.AuthApiSteps.theBackendApiIsAvailable()&amp#27;[0m
19:32:36.690 [main] INFO  com.voisetu.e2e.utils.ApiHelper — User seeded successfully: api_token_check@test.com
  &amp#27;[32mGiven &amp#27;[0m&amp#27;[32mthe user &amp#27;[0m&amp#27;[32m&amp#27;[1m"api_token_check@test.com"&amp#27;[0m&amp#27;[32m is already registered via API&amp#27;[0m     &amp#27;[90m# com.voisetu.e2e.steps.AuthApiSteps.theUserIsAlreadyRegisteredViaApi(java.lang.String)&amp#27;[0m
19:32:36.699 [main] INFO  com.voisetu.e2e.steps.AuthApiSteps — POST /api/auth/login body: {
  "email":    "api_token_check@test.com",
  "password": "ApiTest@99"
}
19:32:36.789 [main] INFO  com.voisetu.e2e.steps.AuthApiSteps — Response: 200 — {"token":"eyJhbGciOiJIUzI1NiJ9.eyJzdWIiOiJhcGlfdG9rZW5fY2hlY2tAdGVzdC5jb20iLCJpYXQiOjE3ODgwOTg1NTYsImV4cCI6MTc4ODE4NDk1Nn0.J8TE0GPRtV0m-AIF_cJH2gvIbS9TWPVpg7qRxd9mpNo","userId":15,"displayName":"api token check","isAdmin":false}
  &amp#27;[32mWhen &amp#27;[0m&amp#27;[32ma POST request is made to &amp#27;[0m&amp#27;[32m&amp#27;[1m"/api/auth/login"&amp#27;[0m&amp#27;[32m with body:&amp#27;[0m                 &amp#27;[90m# com.voisetu.e2e.steps.AuthApiSteps.aPostRequestIsMadeTo(java.lang.String,java.lang.String)&amp#27;[0m
  &amp#27;[32mThen &amp#27;[0m&amp#27;[32mthe response status code should be &amp#27;[0m&amp#27;[32m&amp#27;[1m200&amp#27;[0m                                 &amp#27;[90m# com.voisetu.e2e.steps.AuthApiSteps.theResponseStatusCodeShouldBe(int)&amp#27;[0m
19:32:36.796 [main] INFO  com.voisetu.e2e.steps.AuthApiSteps — GET /api/me (with JWT from previous response)
19:32:36.824 [main] INFO  com.voisetu.e2e.steps.AuthApiSteps — Response: 200 — {"email":"api_token_check@test.com","displayName":"api token check","createdAt":"2026-08-30T14:02:36.680639Z","isAdmin":false}
  &amp#27;[32mWhen &amp#27;[0m&amp#27;[32mthe returned JWT is used to call &amp#27;[0m&amp#27;[32m&amp#27;[1m"GET /api/me"&amp#27;[0m                         &amp#27;[90m# com.voisetu.e2e.steps.AuthApiSteps.theReturnedJwtIsUsedToCall(java.lang.String)&amp#27;[0m
  &amp#27;[32mThen &amp#27;[0m&amp#27;[32mthe response status code should be &amp#27;[0m&amp#27;[32m&amp#27;[1m200&amp#27;[0m                                 &amp#27;[90m# com.voisetu.e2e.steps.AuthApiSteps.theResponseStatusCodeShouldBe(int)&amp#27;[0m
  &amp#27;[32mAnd &amp#27;[0m&amp#27;[32mthe response body field &amp#27;[0m&amp#27;[32m&amp#27;[1m"email"&amp#27;[0m&amp#27;[32m should equal &amp#27;[0m&amp#27;[32m&amp#27;[1m"api_token_check@test.com"&amp#27;[0m &amp#27;[90m# com.voisetu.e2e.steps.AuthApiSteps.theResponseBodyFieldShouldEqual(java.lang.String,java.lang.String)&amp#27;[0m
19:32:36.837 [main] INFO  com.voisetu.e2e.steps.Hooks — === FINISHED API SCENARIO: Registered JWT token grants access to protected endpoint — PASSED ===
]]></system-out>
  </testcase>
  <testcase name="runScenario[&quot;Accessing a protected endpoint without a token returns 401&quot;, &quot;Auth REST API Contracts&quot;](16)" classname="com.voisetu.e2e.runner.AuthApiTestRunner" time="0.07">
    <failure message="[Expected HTTP status 401 but got 403. Body: {&quot;timestamp&quot;:&quot;2026-08-30T14:02:36.902Z&quot;,&quot;status&quot;:403,&quot;error&quot;:&quot;Forbidden&quot;,&quot;path&quot;:&quot;/api/me&quot;}] &#10;expected: 401&#10; but was: 403" type="java.lang.AssertionError"><![CDATA[java.lang.AssertionError: 
[Expected HTTP status 401 but got 403. Body: {"timestamp":"2026-08-30T14:02:36.902Z","status":403,"error":"Forbidden","path":"/api/me"}] 
expected: 401
 but was: 403
	at com.voisetu.e2e.steps.AuthApiSteps.theResponseStatusCodeShouldBe(AuthApiSteps.java:142)
	at ✽.the response status code should be 401(file:///home/sumit/Documents/GitHub/TTS-Website/e2e-tests/src/test/resources/features/auth_api.feature:164)
]]></failure>
    <system-out><![CDATA[
@api @auth @token
Scenario: Accessing a protected endpoint without a token returns 401 &amp#27;[90m# src/test/resources/features/auth_api.feature:162&amp#27;[0m
19:32:36.844 [main] INFO  com.voisetu.e2e.steps.Hooks — === STARTING API SCENARIO: Accessing a protected endpoint without a token returns 401 ===
19:32:36.845 [main] INFO  com.voisetu.e2e.steps.AuthApiSteps — API base URL: http://localhost:8080
  &amp#27;[32mGiven &amp#27;[0m&amp#27;[32mthe backend API is available at the configured base URL&amp#27;[0m      &amp#27;[90m# com.voisetu.e2e.steps.AuthApiSteps.theBackendApiIsAvailable()&amp#27;[0m
19:32:36.885 [main] INFO  com.voisetu.e2e.steps.AuthApiSteps — GET /api/me (no auth)
  &amp#27;[32mWhen &amp#27;[0m&amp#27;[32ma GET request is made to &amp#27;[0m&amp#27;[32m&amp#27;[1m"/api/me"&amp#27;[0m&amp#27;[32m without a token&amp#27;[0m            &amp#27;[90m# com.voisetu.e2e.steps.AuthApiSteps.aGetRequestWithoutToken(java.lang.String)&amp#27;[0m
  &amp#27;[31mThen &amp#27;[0m&amp#27;[31mthe response status code should be &amp#27;[0m&amp#27;[31m&amp#27;[1m401&amp#27;[0m                        &amp#27;[90m# com.voisetu.e2e.steps.AuthApiSteps.theResponseStatusCodeShouldBe(int)&amp#27;[0m
      &amp#27;[31mjava.lang.AssertionError: [Expected HTTP status 401 but got 403. Body: {"timestamp":"2026-08-30T14:02:36.902Z","status":403,"error":"Forbidden","path":"/api/me"}] 
expected: 401
 but was: 403
	at com.voisetu.e2e.steps.AuthApiSteps.theResponseStatusCodeShouldBe(AuthApiSteps.java:142)
	at ✽.the response status code should be 401(file:///home/sumit/Documents/GitHub/TTS-Website/e2e-tests/src/test/resources/features/auth_api.feature:164)
&amp#27;[0m
19:32:36.908 [main] INFO  com.voisetu.e2e.steps.Hooks — === FINISHED API SCENARIO: Accessing a protected endpoint without a token returns 401 — FAILED ===
]]></system-out>
  </testcase>
  <testcase name="runScenario[&quot;Accessing a protected endpoint with a fake token returns 401&quot;, &quot;Auth REST API Contracts&quot;](17)" classname="com.voisetu.e2e.runner.AuthApiTestRunner" time="0.086">
    <failure message="[Expected HTTP status 401 but got 403. Body: {&quot;timestamp&quot;:&quot;2026-08-30T14:02:36.986Z&quot;,&quot;status&quot;:403,&quot;error&quot;:&quot;Forbidden&quot;,&quot;path&quot;:&quot;/api/me&quot;}] &#10;expected: 401&#10; but was: 403" type="java.lang.AssertionError"><![CDATA[java.lang.AssertionError: 
[Expected HTTP status 401 but got 403. Body: {"timestamp":"2026-08-30T14:02:36.986Z","status":403,"error":"Forbidden","path":"/api/me"}] 
expected: 401
 but was: 403
	at com.voisetu.e2e.steps.AuthApiSteps.theResponseStatusCodeShouldBe(AuthApiSteps.java:142)
	at ✽.the response status code should be 401(file:///home/sumit/Documents/GitHub/TTS-Website/e2e-tests/src/test/resources/features/auth_api.feature:169)
]]></failure>
    <system-out><![CDATA[
@api @auth @token
Scenario: Accessing a protected endpoint with a fake token returns 401 &amp#27;[90m# src/test/resources/features/auth_api.feature:167&amp#27;[0m
19:32:36.913 [main] INFO  com.voisetu.e2e.steps.Hooks — === STARTING API SCENARIO: Accessing a protected endpoint with a fake token returns 401 ===
19:32:36.914 [main] INFO  com.voisetu.e2e.steps.AuthApiSteps — API base URL: http://localhost:8080
  &amp#27;[32mGiven &amp#27;[0m&amp#27;[32mthe backend API is available at the configured base URL&amp#27;[0m        &amp#27;[90m# com.voisetu.e2e.steps.AuthApiSteps.theBackendApiIsAvailable()&amp#27;[0m
19:32:36.972 [main] INFO  com.voisetu.e2e.steps.AuthApiSteps — GET /api/me (fake Bearer token)
  &amp#27;[32mWhen &amp#27;[0m&amp#27;[32ma GET request is made to &amp#27;[0m&amp#27;[32m&amp#27;[1m"/api/me"&amp#27;[0m&amp#27;[32m with a fake Bearer token&amp#27;[0m     &amp#27;[90m# com.voisetu.e2e.steps.AuthApiSteps.aGetRequestWithFakeToken(java.lang.String)&amp#27;[0m
  &amp#27;[31mThen &amp#27;[0m&amp#27;[31mthe response status code should be &amp#27;[0m&amp#27;[31m&amp#27;[1m401&amp#27;[0m                          &amp#27;[90m# com.voisetu.e2e.steps.AuthApiSteps.theResponseStatusCodeShouldBe(int)&amp#27;[0m
      &amp#27;[31mjava.lang.AssertionError: [Expected HTTP status 401 but got 403. Body: {"timestamp":"2026-08-30T14:02:36.986Z","status":403,"error":"Forbidden","path":"/api/me"}] 
expected: 401
 but was: 403
	at com.voisetu.e2e.steps.AuthApiSteps.theResponseStatusCodeShouldBe(AuthApiSteps.java:142)
	at ✽.the response status code should be 401(file:///home/sumit/Documents/GitHub/TTS-Website/e2e-tests/src/test/resources/features/auth_api.feature:169)
&amp#27;[0m
19:32:36.994 [main] INFO  com.voisetu.e2e.steps.Hooks — === FINISHED API SCENARIO: Accessing a protected endpoint with a fake token returns 401 — FAILED ===
]]></system-out>
  </testcase>
</testsuite>