<?xml version="1.0" encoding="UTF-8"?>
<!-- Generated by org.testng.reporters.JUnitXMLReporter -->
<testsuite ignored="0" hostname="Jarvis" failures="3" tests="17" name="Auth API Tests — Register and Login Endpoints" time="1.939" errors="0" timestamp="2026-08-30T19:32:37 IST">
  <testcase classname="io.cucumber.testng.AbstractTestNGCucumberTests" name="runScenario" time="0.166">
    <failure type="java.lang.AssertionError" message="[Expected HTTP status 200 but got 400. Body: {&amp;quot;code&amp;quot;:&amp;quot;EMAIL_ALREADY_EXISTS&amp;quot;,&amp;quot;message&amp;quot;:&amp;quot;An account with this email address already exists.&amp;quot;,&amp;quot;status&amp;quot;:400,&amp;quot;timestamp&amp;quot;:&amp;quot;2026-08-30T14:02:35.290735551Z&amp;quot;}] 
expected: 200
 but was: 400">
      <![CDATA[java.lang.AssertionError: [Expected HTTP status 200 but got 400. Body: {"code":"EMAIL_ALREADY_EXISTS","message":"An account with this email address already exists.","status":400,"timestamp":"2026-08-30T14:02:35.290735551Z"}] 
expected: 200
 but was: 400
at com.voisetu.e2e.steps.AuthApiSteps.theResponseStatusCodeShouldBe(AuthApiSteps.java:142)
at ✽.the response status code should be 200(file:///home/sumit/Documents/GitHub/TTS-Website/e2e-tests/src/test/resources/features/auth_api.feature:31)
]]>
    </failure>
  </testcase> <!-- runScenario -->
  <testcase classname="io.cucumber.testng.AbstractTestNGCucumberTests" name="runScenario" time="0.16"/>
  <testcase classname="io.cucumber.testng.AbstractTestNGCucumberTests" name="runScenario" time="0.08"/>
  <testcase classname="io.cucumber.testng.AbstractTestNGCucumberTests" name="runScenario" time="0.059"/>
  <testcase classname="io.cucumber.testng.AbstractTestNGCucumberTests" name="runScenario" time="0.056"/>
  <testcase classname="io.cucumber.testng.AbstractTestNGCucumberTests" name="runScenario" time="0.059"/>
  <testcase classname="io.cucumber.testng.AbstractTestNGCucumberTests" name="runScenario" time="0.074"/>
  <testcase classname="io.cucumber.testng.AbstractTestNGCucumberTests" name="runScenario" time="0.056"/>
  <testcase classname="io.cucumber.testng.AbstractTestNGCucumberTests" name="runScenario" time="0.171"/>
  <testcase classname="io.cucumber.testng.AbstractTestNGCucumberTests" name="runScenario" time="0.259"/>
  <testcase classname="io.cucumber.testng.AbstractTestNGCucumberTests" name="runScenario" time="0.134"/>
  <testcase classname="io.cucumber.testng.AbstractTestNGCucumberTests" name="runScenario" time="0.049"/>
  <testcase classname="io.cucumber.testng.AbstractTestNGCucumberTests" name="runScenario" time="0.056"/>
  <testcase classname="io.cucumber.testng.AbstractTestNGCucumberTests" name="runScenario" time="0.048"/>
  <testcase classname="io.cucumber.testng.AbstractTestNGCucumberTests" name="runScenario" time="0.267"/>
  <testcase classname="io.cucumber.testng.AbstractTestNGCucumberTests" name="runScenario" time="0.07">
    <failure type="java.lang.AssertionError" message="[Expected HTTP status 401 but got 403. Body: {&amp;quot;timestamp&amp;quot;:&amp;quot;2026-08-30T14:02:36.902Z&amp;quot;,&amp;quot;status&amp;quot;:403,&amp;quot;error&amp;quot;:&amp;quot;Forbidden&amp;quot;,&amp;quot;path&amp;quot;:&amp;quot;/api/me&amp;quot;}] 
expected: 401
 but was: 403">
      <![CDATA[java.lang.AssertionError: [Expected HTTP status 401 but got 403. Body: {"timestamp":"2026-08-30T14:02:36.902Z","status":403,"error":"Forbidden","path":"/api/me"}] 
expected: 401
 but was: 403
at com.voisetu.e2e.steps.AuthApiSteps.theResponseStatusCodeShouldBe(AuthApiSteps.java:142)
at ✽.the response status code should be 401(file:///home/sumit/Documents/GitHub/TTS-Website/e2e-tests/src/test/resources/features/auth_api.feature:164)
]]>
    </failure>
  </testcase> <!-- runScenario -->
  <testcase classname="io.cucumber.testng.AbstractTestNGCucumberTests" name="runScenario" time="0.084">
    <failure type="java.lang.AssertionError" message="[Expected HTTP status 401 but got 403. Body: {&amp;quot;timestamp&amp;quot;:&amp;quot;2026-08-30T14:02:36.986Z&amp;quot;,&amp;quot;status&amp;quot;:403,&amp;quot;error&amp;quot;:&amp;quot;Forbidden&amp;quot;,&amp;quot;path&amp;quot;:&amp;quot;/api/me&amp;quot;}] 
expected: 401
 but was: 403">
      <![CDATA[java.lang.AssertionError: [Expected HTTP status 401 but got 403. Body: {"timestamp":"2026-08-30T14:02:36.986Z","status":403,"error":"Forbidden","path":"/api/me"}] 
expected: 401
 but was: 403
at com.voisetu.e2e.steps.AuthApiSteps.theResponseStatusCodeShouldBe(AuthApiSteps.java:142)
at ✽.the response status code should be 401(file:///home/sumit/Documents/GitHub/TTS-Website/e2e-tests/src/test/resources/features/auth_api.feature:169)
]]>
    </failure>
  </testcase> <!-- runScenario -->
</testsuite> <!-- Auth API Tests — Register and Login Endpoints -->
