<?xml version="1.0" encoding="UTF-8"?>
<!-- Generated by org.testng.reporters.JUnitReportReporter -->
<testsuite hostname="Jarvis" failures="3" tests="17" name="com.voisetu.e2e.runner.AuthApiTestRunner" time="1.848" errors="0" timestamp="2026-08-30T19:32:37 IST" skipped="0">
  <testcase classname="com.voisetu.e2e.runner.AuthApiTestRunner" name="runScenario" time="0.056"/>
  <testcase classname="com.voisetu.e2e.runner.AuthApiTestRunner" name="runScenario" time="0.049"/>
  <testcase classname="com.voisetu.e2e.runner.AuthApiTestRunner" name="runScenario" time="0.267"/>
  <testcase classname="com.voisetu.e2e.runner.AuthApiTestRunner" name="runScenario" time="0.059"/>
  <testcase classname="com.voisetu.e2e.runner.AuthApiTestRunner" name="runScenario" time="0.080"/>
  <testcase classname="com.voisetu.e2e.runner.AuthApiTestRunner" name="runScenario" time="0.171"/>
  <testcase classname="com.voisetu.e2e.runner.AuthApiTestRunner" name="runScenario" time="0.084">
    <failure message="[Expected HTTP status 401 but got 403. Body: {&quot;timestamp&quot;:&quot;2026-08-30T14:02:36.986Z&quot;,&quot;status&quot;:403,&quot;error&quot;:&quot;Forbidden&quot;,&quot;path&quot;:&quot;/api/me&quot;}] 
expected: 401
 but was: 403" type="java.lang.AssertionError">
      <![CDATA[java.lang.AssertionError: [Expected HTTP status 401 but got 403. Body: {"timestamp":"2026-08-30T14:02:36.986Z","status":403,"error":"Forbidden","path":"/api/me"}] 
expected: 401
 but was: 403
at com.voisetu.e2e.steps.AuthApiSteps.theResponseStatusCodeShouldBe(AuthApiSteps.java:142)
at ✽.the response status code should be 401(file:///home/sumit/Documents/GitHub/TTS-Website/e2e-tests/src/test/resources/features/auth_api.feature:169)
]]>
    </failure>
  </testcase> <!-- runScenario -->
  <testcase classname="com.voisetu.e2e.runner.AuthApiTestRunner" name="runScenario" time="0.134"/>
  <testcase classname="com.voisetu.e2e.runner.AuthApiTestRunner" name="runScenario" time="0.259"/>
  <testcase classname="com.voisetu.e2e.runner.AuthApiTestRunner" name="runScenario" time="0.056"/>
  <testcase classname="com.voisetu.e2e.runner.AuthApiTestRunner" name="runScenario" time="0.056"/>
  <testcase classname="com.voisetu.e2e.runner.AuthApiTestRunner" name="runScenario" time="0.160"/>
  <testcase classname="com.voisetu.e2e.runner.AuthApiTestRunner" name="runScenario" time="0.166">
    <failure message="[Expected HTTP status 200 but got 400. Body: {&quot;code&quot;:&quot;EMAIL_ALREADY_EXISTS&quot;,&quot;message&quot;:&quot;An account with this email address already exists.&quot;,&quot;status&quot;:400,&quot;timestamp&quot;:&quot;2026-08-30T14:02:35.290735551Z&quot;}] 
expected: 200
 but was: 400" type="java.lang.AssertionError">
      <![CDATA[java.lang.AssertionError: [Expected HTTP status 200 but got 400. Body: {"code":"EMAIL_ALREADY_EXISTS","message":"An account with this email address already exists.","status":400,"timestamp":"2026-08-30T14:02:35.290735551Z"}] 
expected: 200
 but was: 400
at com.voisetu.e2e.steps.AuthApiSteps.theResponseStatusCodeShouldBe(AuthApiSteps.java:142)
at ✽.the response status code should be 200(file:///home/sumit/Documents/GitHub/TTS-Website/e2e-tests/src/test/resources/features/auth_api.feature:31)
]]>
    </failure>
  </testcase> <!-- runScenario -->
  <testcase classname="com.voisetu.e2e.runner.AuthApiTestRunner" name="runScenario" time="0.074"/>
  <testcase classname="com.voisetu.e2e.runner.AuthApiTestRunner" name="runScenario" time="0.070">
    <failure message="[Expected HTTP status 401 but got 403. Body: {&quot;timestamp&quot;:&quot;2026-08-30T14:02:36.902Z&quot;,&quot;status&quot;:403,&quot;error&quot;:&quot;Forbidden&quot;,&quot;path&quot;:&quot;/api/me&quot;}] 
expected: 401
 but was: 403" type="java.lang.AssertionError">
      <![CDATA[java.lang.AssertionError: [Expected HTTP status 401 but got 403. Body: {"timestamp":"2026-08-30T14:02:36.902Z","status":403,"error":"Forbidden","path":"/api/me"}] 
expected: 401
 but was: 403
at com.voisetu.e2e.steps.AuthApiSteps.theResponseStatusCodeShouldBe(AuthApiSteps.java:142)
at ✽.the response status code should be 401(file:///home/sumit/Documents/GitHub/TTS-Website/e2e-tests/src/test/resources/features/auth_api.feature:164)
]]>
    </failure>
  </testcase> <!-- runScenario -->
  <testcase classname="com.voisetu.e2e.runner.AuthApiTestRunner" name="runScenario" time="0.059"/>
  <testcase classname="com.voisetu.e2e.runner.AuthApiTestRunner" name="runScenario" time="0.048"/>
</testsuite> <!-- com.voisetu.e2e.runner.AuthApiTestRunner -->
